<?xml version="1.0" encoding="UTF-8"?>
<testsuite xmlns:xsi="http://www.w3.org/2001/XMLSchema-instance" xsi:noNamespaceSchemaLocation="https://maven.apache.org/surefire/maven-surefire-plugin/xsd/surefire-test-report.xsd" version="3.0.2" name="it.pagopa.interop.suite.contract.BffEServiceTemplateContractTest" time="31.515" tests="94" errors="3" skipped="0" failures="4">
  <properties>
[...]
</properties>
  <testcase name="createEServiceTemplate()[3]" classname="it.pagopa.interop.suite.contract.BffEServiceTemplateContractTest" time="5.468">
    <system-out><![CDATA[15:37:46,553 |-INFO in ch.qos.logback.classic.LoggerContext[default] - Found logback-core version 1.5.32
15:37:46,558 |-INFO in ch.qos.logback.classic.util.ContextInitializer@7889a1ac - Here is a list of configurators discovered as a service, by rank: 
15:37:46,559 |-INFO in ch.qos.logback.classic.util.ContextInitializer@7889a1ac -   org.springframework.boot.logging.logback.RootLogLevelConfigurator
15:37:46,559 |-INFO in ch.qos.logback.classic.util.ContextInitializer@7889a1ac - They will be invoked in order until ExecutionStatus.DO_NOT_INVOKE_NEXT_IF_ANY is returned.
15:37:46,559 |-INFO in ch.qos.logback.classic.util.ContextInitializer@7889a1ac - Constructed configurator of type class org.springframework.boot.logging.logback.RootLogLevelConfigurator
15:37:46,569 |-INFO in ch.qos.logback.classic.util.ContextInitializer@7889a1ac - org.springframework.boot.logging.logback.RootLogLevelConfigurator.configure() call lasted 1 milliseconds. ExecutionStatus=INVOKE_NEXT_IF_ANY
15:37:46,569 |-INFO in ch.qos.logback.classic.util.ContextInitializer@7889a1ac - Trying to configure with ch.qos.logback.classic.util.DefaultJoranConfigurator
15:37:46,571 |-INFO in ch.qos.logback.classic.util.ContextInitializer@7889a1ac - Constructed configurator of type class ch.qos.logback.classic.util.DefaultJoranConfigurator
15:37:46,572 |-INFO in ch.qos.logback.classic.LoggerContext[default] - Could NOT find resource [logback-test.xml]
15:37:46,576 |-INFO in ch.qos.logback.classic.LoggerContext[default] - Found resource [logback.xml] at [file:/C:/Users/vmassaro/Devel/PagoPa/qe_suit/qe_suit/interop/target/classes/logback.xml]
15:37:46,799 |-INFO in ch.qos.logback.classic.model.processor.ConfigurationModelHandlerFull - Scan attribute not set or set to unrecognized value.
15:37:46,824 |-WARN in ch.qos.logback.core.model.processor.ImplicitModelHandler - Ignoring unknown property [springProperty] in [ch.qos.logback.classic.LoggerContext]
15:37:46,831 |-INFO in ch.qos.logback.core.model.processor.ModelInterpretationContext@3aee3976 - value "target/logs/framework.log" substituted for "${LOG_DIR}/framework.log"
15:37:46,832 |-INFO in ch.qos.logback.core.model.processor.ModelInterpretationContext@3aee3976 - value "target/logs/framework.%d{yyyy-MM-dd}.%i.log" substituted for "${LOG_DIR}/framework.%d{yyyy-MM-dd}.%i.log"
15:37:46,832 |-INFO in ch.qos.logback.core.model.processor.ModelInterpretationContext@3aee3976 - value "target/logs/e2e-tests.log" substituted for "${LOG_DIR}/e2e-tests.log"
15:37:46,832 |-INFO in ch.qos.logback.core.model.processor.ModelInterpretationContext@3aee3976 - value "target/logs/e2e-tests.%d{yyyy-MM-dd}.%i.log" substituted for "${LOG_DIR}/e2e-tests.%d{yyyy-MM-dd}.%i.log"
15:37:46,835 |-INFO in ch.qos.logback.core.model.processor.AppenderModelHandler - Processing appender named [CONSOLE]
15:37:46,835 |-INFO in ch.qos.logback.core.model.processor.AppenderModelHandler - About to instantiate appender of type [ch.qos.logback.core.ConsoleAppender]
15:37:46,847 |-INFO in ch.qos.logback.core.model.processor.ImplicitModelHandler - Assuming default type [ch.qos.logback.classic.encoder.PatternLayoutEncoder] for [encoder] property
15:37:46,848 |-INFO in ch.qos.logback.core.model.processor.ModelInterpretationContext@3aee3976 - value "%d{yyyy-MM-dd HH:mm:ss.SSS} [%thread] %-5level %logger{36} %replace(%X{scenario} ){'^$', ''}: %msg%n" substituted for "${LOG_PATTERN}"
15:37:46,923 |-INFO in ch.qos.logback.core.ConsoleAppender[CONSOLE] - NOTE: Writing to the console can be slow. Try to avoid logging to the 
15:37:46,923 |-INFO in ch.qos.logback.core.ConsoleAppender[CONSOLE] - console in production environments, especially in high volume systems.
15:37:46,923 |-INFO in ch.qos.logback.core.ConsoleAppender[CONSOLE] - See also https://logback.qos.ch/codes.html#slowConsole
15:37:46,924 |-INFO in ch.qos.logback.core.model.processor.AppenderModelHandler - Processing appender named [FRAMEWORK_FILE]
15:37:46,924 |-INFO in ch.qos.logback.core.model.processor.AppenderModelHandler - About to instantiate appender of type [ch.qos.logback.core.rolling.RollingFileAppender]
15:37:46,927 |-INFO in ch.qos.logback.core.model.processor.ModelInterpretationContext@3aee3976 - value "target/logs/framework.log" substituted for "${LOG_DIR}/framework.log"
15:37:46,927 |-INFO in ch.qos.logback.core.model.processor.ImplicitModelHandler - Assuming default type [ch.qos.logback.classic.encoder.PatternLayoutEncoder] for [encoder] property
15:37:46,927 |-INFO in ch.qos.logback.core.model.processor.ModelInterpretationContext@3aee3976 - value "%d{yyyy-MM-dd HH:mm:ss.SSS} [%thread] %-5level %logger{36} %replace(%X{scenario} ){'^$', ''}: %msg%n" substituted for "${LOG_PATTERN}"
15:37:46,932 |-INFO in ch.qos.logback.core.model.processor.ModelInterpretationContext@3aee3976 - value "target/logs/framework.%d{yyyy-MM-dd}.%i.log" substituted for "${LOG_DIR}/framework.%d{yyyy-MM-dd}.%i.log"
15:37:46,938 |-INFO in c.q.l.core.rolling.SizeAndTimeBasedRollingPolicy@1593368350 - Archive files will be limited to [50 MB] each.
15:37:46,938 |-INFO in c.q.l.core.rolling.SizeAndTimeBasedRollingPolicy@1593368350 - No compression will be used
15:37:46,945 |-INFO in c.q.l.core.rolling.SizeAndTimeBasedRollingPolicy@1593368350 - Will use the pattern target/logs/framework.%d{yyyy-MM-dd}.%i.log for the active file
15:37:46,950 |-INFO in ch.qos.logback.core.rolling.SizeAndTimeBasedFileNamingAndTriggeringPolicy@27cf3151 - The date pattern is 'yyyy-MM-dd' from file name pattern 'target/logs/framework.%d{yyyy-MM-dd}.%i.log'.
15:37:46,950 |-INFO in ch.qos.logback.core.rolling.SizeAndTimeBasedFileNamingAndTriggeringPolicy@27cf3151 - Roll-over at midnight.
15:37:46,952 |-INFO in ch.qos.logback.core.rolling.SizeAndTimeBasedFileNamingAndTriggeringPolicy@27cf3151 - Setting initial period to 2026-09-23T09:00:06.043Z
15:37:46,963 |-INFO in ch.qos.logback.core.rolling.RollingFileAppender[FRAMEWORK_FILE] - Active log file name: target/logs/framework.log
15:37:46,966 |-INFO in ch.qos.logback.core.rolling.RollingFileAppender[FRAMEWORK_FILE] - Setting currentFileLength to 0 for target\logs\framework.log
15:37:46,966 |-INFO in ch.qos.logback.core.rolling.RollingFileAppender[FRAMEWORK_FILE] - File property is set to [target/logs/framework.log]
15:37:46,968 |-INFO in ch.qos.logback.core.model.processor.AppenderModelHandler - Processing appender named [TEST_FILE]
15:37:46,968 |-INFO in ch.qos.logback.core.model.processor.AppenderModelHandler - About to instantiate appender of type [ch.qos.logback.core.rolling.RollingFileAppender]
15:37:46,968 |-INFO in ch.qos.logback.core.model.processor.ModelInterpretationContext@3aee3976 - value "target/logs/e2e-tests.log" substituted for "${LOG_DIR}/e2e-tests.log"
15:37:46,968 |-INFO in ch.qos.logback.core.model.processor.ImplicitModelHandler - Assuming default type [ch.qos.logback.classic.encoder.PatternLayoutEncoder] for [encoder] property
15:37:46,968 |-INFO in ch.qos.logback.core.model.processor.ModelInterpretationContext@3aee3976 - value "%d{yyyy-MM-dd HH:mm:ss.SSS} [%thread] %-5level %logger{36} %replace(%X{scenario} ){'^$', ''}: %msg%n" substituted for "${LOG_PATTERN}"
15:37:46,969 |-INFO in ch.qos.logback.core.model.processor.ModelInterpretationContext@3aee3976 - value "target/logs/e2e-tests.%d{yyyy-MM-dd}.%i.log" substituted for "${LOG_DIR}/e2e-tests.%d{yyyy-MM-dd}.%i.log"
15:37:46,969 |-INFO in c.q.l.core.rolling.SizeAndTimeBasedRollingPolicy@310276293 - Archive files will be limited to [50 MB] each.
15:37:46,969 |-INFO in c.q.l.core.rolling.SizeAndTimeBasedRollingPolicy@310276293 - No compression will be used
15:37:46,969 |-INFO in c.q.l.core.rolling.SizeAndTimeBasedRollingPolicy@310276293 - Will use the pattern target/logs/e2e-tests.%d{yyyy-MM-dd}.%i.log for the active file
15:37:46,970 |-INFO in ch.qos.logback.core.rolling.SizeAndTimeBasedFileNamingAndTriggeringPolicy@5910de75 - The date pattern is 'yyyy-MM-dd' from file name pattern 'target/logs/e2e-tests.%d{yyyy-MM-dd}.%i.log'.
15:37:46,970 |-INFO in ch.qos.logback.core.rolling.SizeAndTimeBasedFileNamingAndTriggeringPolicy@5910de75 - Roll-over at midnight.
15:37:46,972 |-INFO in ch.qos.logback.core.rolling.SizeAndTimeBasedFileNamingAndTriggeringPolicy@5910de75 - Setting initial period to 2026-09-24T09:50:56.016Z
15:37:46,973 |-INFO in ch.qos.logback.core.rolling.RollingFileAppender[TEST_FILE] - Active log file name: target/logs/e2e-tests.log
15:37:46,973 |-INFO in ch.qos.logback.core.rolling.RollingFileAppender[TEST_FILE] - Setting currentFileLength to 1497295 for target\logs\e2e-tests.log
15:37:46,973 |-INFO in ch.qos.logback.core.rolling.RollingFileAppender[TEST_FILE] - File property is set to [target/logs/e2e-tests.log]
15:37:46,978 |-INFO in ch.qos.logback.core.model.processor.ModelInterpretationContext@3aee3976 - value "suitLogLevel_IS_UNDEFINED" substituted for "${suitLogLevel}"
15:37:46,979 |-INFO in ch.qos.logback.classic.model.processor.LoggerModelHandler - Setting level of logger [it.frontend.e2e.framework] to DEBUG
15:37:46,981 |-INFO in ch.qos.logback.classic.model.processor.LoggerModelHandler - Setting additivity of logger [it.frontend.e2e.framework] to false
15:37:46,982 |-INFO in ch.qos.logback.core.model.processor.AppenderRefModelHandler - Attaching appender named [FRAMEWORK_FILE] to Logger[it.frontend.e2e.framework]
15:37:46,984 |-INFO in ch.qos.logback.core.model.processor.AppenderRefModelHandler - Attaching appender named [CONSOLE] to Logger[it.frontend.e2e.framework]
15:37:46,984 |-INFO in ch.qos.logback.core.model.processor.ModelInterpretationContext@3aee3976 - value "suitLogLevel_IS_UNDEFINED" substituted for "${suitLogLevel}"
15:37:46,984 |-INFO in ch.qos.logback.classic.model.processor.LoggerModelHandler - Setting level of logger [it.pagopa.interop] to DEBUG
15:37:46,984 |-INFO in ch.qos.logback.classic.model.processor.LoggerModelHandler - Setting additivity of logger [it.pagopa.interop] to false
15:37:46,984 |-INFO in ch.qos.logback.core.model.processor.AppenderRefModelHandler - Attaching appender named [TEST_FILE] to Logger[it.pagopa.interop]
15:37:46,984 |-INFO in ch.qos.logback.core.model.processor.AppenderRefModelHandler - Attaching appender named [CONSOLE] to Logger[it.pagopa.interop]
15:37:46,985 |-INFO in ch.qos.logback.core.model.processor.ModelInterpretationContext@3aee3976 - value "suitLogLevel_IS_UNDEFINED" substituted for "${suitLogLevel}"
15:37:46,985 |-INFO in ch.qos.logback.classic.model.processor.LoggerModelHandler - Setting level of logger [E2E-Framework] to DEBUG
15:37:46,985 |-INFO in ch.qos.logback.classic.model.processor.LoggerModelHandler - Setting additivity of logger [E2E-Framework] to false
15:37:46,985 |-INFO in ch.qos.logback.core.model.processor.AppenderRefModelHandler - Attaching appender named [FRAMEWORK_FILE] to Logger[E2E-Framework]
15:37:46,985 |-INFO in ch.qos.logback.core.model.processor.AppenderRefModelHandler - Attaching appender named [CONSOLE] to Logger[E2E-Framework]
15:37:46,985 |-INFO in ch.qos.logback.classic.model.processor.LoggerModelHandler - Setting level of logger [it.pagopa.interop.infrastructure.http] to DEBUG
15:37:46,985 |-INFO in ch.qos.logback.classic.model.processor.LoggerModelHandler - Setting additivity of logger [it.pagopa.interop.infrastructure.http] to false
15:37:46,985 |-INFO in ch.qos.logback.core.model.processor.AppenderRefModelHandler - Attaching appender named [TEST_FILE] to Logger[it.pagopa.interop.infrastructure.http]
15:37:46,985 |-INFO in ch.qos.logback.core.model.processor.AppenderRefModelHandler - Attaching appender named [CONSOLE] to Logger[it.pagopa.interop.infrastructure.http]
15:37:46,985 |-INFO in ch.qos.logback.classic.model.processor.LoggerModelHandler - Setting level of logger [org.springframework] to WARN
15:37:46,985 |-INFO in ch.qos.logback.classic.model.processor.LoggerModelHandler - Setting level of logger [org.openqa.selenium] to WARN
15:37:46,985 |-INFO in ch.qos.logback.classic.model.processor.LoggerModelHandler - Setting level of logger [io.cucumber] to INFO
15:37:46,985 |-INFO in ch.qos.logback.classic.model.processor.RootLoggerModelHandler - Setting level of ROOT logger to INFO
15:37:46,985 |-INFO in ch.qos.logback.core.model.processor.AppenderRefModelHandler - Attaching appender named [CONSOLE] to Logger[ROOT]
15:37:46,985 |-INFO in ch.qos.logback.core.model.processor.AppenderRefModelHandler - Attaching appender named [TEST_FILE] to Logger[ROOT]
15:37:46,986 |-INFO in ch.qos.logback.core.model.processor.DefaultProcessor@4108fa66 - End of configuration.
15:37:46,987 |-INFO in ch.qos.logback.classic.joran.JoranConfigurator@1f130eaf - Registering current configuration as safe fallback point
15:37:46,987 |-INFO in ch.qos.logback.classic.util.ContextInitializer@7889a1ac - ch.qos.logback.classic.util.DefaultJoranConfigurator.configure() call lasted 416 milliseconds. ExecutionStatus=DO_NOT_INVOKE_NEXT_IF_ANY


  .   ____          _            __ _ _
 /\\ / ___'_ __ _ _(_)_ __  __ _ \ \ \ \
( ( )\___ | '_ | '_| | '_ \/ _` | \ \ \ \
 \\/  ___)| |_)| | | | | || (_| |  ) ) ) )
  '  |____| .__|_| |_|_| |_\__, | / / / /
 =========|_|==============|___/=/_/_/_/

 :: Spring Boot ::                (v4.0.3)

2026-09-24 15:37:48.948 [ForkJoinPool-2-worker-1] INFO  i.p.i.s.c.BffEServiceTemplateContractTest  : Starting BffEServiceTemplateContractTest using Java 17.0.13 with PID 19752 (started by vmassaro in C:\Users\vmassaro\Devel\PagoPa\qe_suit\qe_suit\interop)
2026-09-24 15:37:48.961 [ForkJoinPool-2-worker-1] DEBUG i.p.i.s.c.BffEServiceTemplateContractTest  : Running with Spring Boot v4.0.3, Spring v7.0.5
2026-09-24 15:37:48.963 [ForkJoinPool-2-worker-1] INFO  i.p.i.s.c.BffEServiceTemplateContractTest  : The following 1 profile is active: "qa"
2026-09-24 15:38:03.560 [ForkJoinPool-2-worker-1] INFO  i.p.i.c.r.a.RiskAnalysisDataFactory  : Risk analysis data loaded successfully
2026-09-24 15:38:04.477 [ForkJoinPool-2-worker-1] INFO  i.p.i.s.c.BffEServiceTemplateContractTest  : Started BffEServiceTemplateContractTest in 16.348 seconds (process running for 19.563)
2026-09-24 15:38:10.079 [ForkJoinPool-2-worker-8] INFO  i.p.i.h.r.HttpLoggingFilter [payload] REMOVED @ <root> : Request Method: POST
2026-09-24 15:38:10.080 [ForkJoinPool-2-worker-1] INFO  i.p.i.h.r.HttpLoggingFilter [payload] REPLACED_WITH_NULL @ /version : Request Method: POST
2026-09-24 15:38:10.081 [ForkJoinPool-2-worker-2] INFO  i.p.i.h.r.HttpLoggingFilter  : Request Method: POST
2026-09-24 15:38:10.091 [ForkJoinPool-2-worker-7] INFO  i.p.i.h.r.HttpLoggingFilter [payload] REPLACED_WITH_NULL @ /name : Request Method: POST
2026-09-24 15:38:10.096 [ForkJoinPool-2-worker-8] INFO  i.p.i.h.r.HttpLoggingFilter [payload] REMOVED @ <root> : Request URI: https://selfcare.qa.interop.pagopa.it/1.0/backend-for-frontend/eservices/templates
2026-09-24 15:38:10.096 [ForkJoinPool-2-worker-7] INFO  i.p.i.h.r.HttpLoggingFilter [payload] REPLACED_WITH_NULL @ /name : Request URI: https://selfcare.qa.interop.pagopa.it/1.0/backend-for-frontend/eservices/templates
2026-09-24 15:38:10.096 [ForkJoinPool-2-worker-2] INFO  i.p.i.h.r.HttpLoggingFilter  : Request URI: https://selfcare.qa.interop.pagopa.it/1.0/backend-for-frontend/eservices/templates
2026-09-24 15:38:10.096 [ForkJoinPool-2-worker-1] INFO  i.p.i.h.r.HttpLoggingFilter [payload] REPLACED_WITH_NULL @ /version : Request URI: https://selfcare.qa.interop.pagopa.it/1.0/backend-for-frontend/eservices/templates
2026-09-24 15:38:10.097 [ForkJoinPool-2-worker-2] INFO  i.p.i.h.r.HttpLoggingFilter  : Request Header: Authorization = Bearer eyJhbGciOiJSUzI1NiIsImtpZCI6IjE3ZDNmM2MwLTU3MzAtNDVhOS1iZThhLTY1NWU3N2JmMzU1NSIsInR5cCI6ImF0K2p3dCJ9.eyJvcmdhbml6YXRpb25JZCI6ImU3OWEyNGNkLThlZGMtNDQxZS1hZThkLWU4N2MzYWVhMDA1OSIsImF1ZCI6InFhLmludGVyb3AucGFnb3BhLml0L3VpIiwidWlkIjoiNWQ3MTdiOTctNTMwOC00OWE1LTg2ODItMTg3NjYzMjc4ZjI0IiwibmJmIjoxNzkwMjU3MDg2LCJvcmdhbml6YXRpb24iOnsibmFtZSI6IkNvbXVuZSBkaSBNaWxhbm8iLCJyb2xlcyI6W3sicm9sZSI6ImFkbWluIiwicGFydHlSb2xlIjoiTUFOQUdFUiJ9XSwiaWQiOiJlNzlhMjRjZC04ZWRjLTQ0MWUtYWU4ZC1lODdjM2FlYTAwNTkifSwiaXNzIjoicWEuaW50ZXJvcC5wYWdvcGEuaXQiLCJleHRlcm5hbElkIjp7InZhbHVlIjoiY19mMjA1Iiwib3JpZ2luIjoiSVBBIn0sInVzZXItcm9sZXMiOiJhZG1pbiIsInNlbGZjYXJlSWQiOiIwMjZlOGM3Mi03OTQ0LTRkY2QtODY2OC1mNTk2NDQ3ZmVjNmQiLCJleHAiOjE3OTAyNzE0ODYsImlhdCI6MTc5MDI1NzA4NiwianRpIjoiNjdjODc1YWEtOGVkMi00NTUwLTg2OTItYjUyZGQzYTA1NzM4In0.nx6Ly4TK5S9zF7pfRHM75ZDgVu8t9cLW04SMGhkVQXYgFQDD5aluiDZ8uYKr16uB1feR71J0CtK-ReEh7W21sXjGmW0hjANdt2K3BPyhoWgXHpwZb3_3wDa7UWD041VmYFciwQsASTCMSwjyIw0WDl-DkgKRwVpserw4Ykd3-bIqJmdEIWnAg_FXGbKamQEcauAH7U--os6OnMsQR2-59ohoGAvJCne47eI4R8NQ48g4IqjnSFZQgN3-QPXWAzOihPxKR-1uCOs3LhNNwA63YSR45jhN5A1IEvAhN8RidG-SF1zhfS3yFjdtIBtm-ZQhdvEddd8rlAAiQeNbr8k94w
2026-09-24 15:38:10.097 [ForkJoinPool-2-worker-7] INFO  i.p.i.h.r.HttpLoggingFilter [payload] REPLACED_WITH_NULL @ /name : Request Header: Authorization = Bearer eyJhbGciOiJSUzI1NiIsImtpZCI6IjE3ZDNmM2MwLTU3MzAtNDVhOS1iZThhLTY1NWU3N2JmMzU1NSIsInR5cCI6ImF0K2p3dCJ9.eyJvcmdhbml6YXRpb25JZCI6ImU3OWEyNGNkLThlZGMtNDQxZS1hZThkLWU4N2MzYWVhMDA1OSIsImF1ZCI6InFhLmludGVyb3AucGFnb3BhLml0L3VpIiwidWlkIjoiNWQ3MTdiOTctNTMwOC00OWE1LTg2ODItMTg3NjYzMjc4ZjI0IiwibmJmIjoxNzkwMjU3MDg2LCJvcmdhbml6YXRpb24iOnsibmFtZSI6IkNvbXVuZSBkaSBNaWxhbm8iLCJyb2xlcyI6W3sicm9sZSI6ImFkbWluIiwicGFydHlSb2xlIjoiTUFOQUdFUiJ9XSwiaWQiOiJlNzlhMjRjZC04ZWRjLTQ0MWUtYWU4ZC1lODdjM2FlYTAwNTkifSwiaXNzIjoicWEuaW50ZXJvcC5wYWdvcGEuaXQiLCJleHRlcm5hbElkIjp7InZhbHVlIjoiY19mMjA1Iiwib3JpZ2luIjoiSVBBIn0sInVzZXItcm9sZXMiOiJhZG1pbiIsInNlbGZjYXJlSWQiOiIwMjZlOGM3Mi03OTQ0LTRkY2QtODY2OC1mNTk2NDQ3ZmVjNmQiLCJleHAiOjE3OTAyNzE0ODYsImlhdCI6MTc5MDI1NzA4NiwianRpIjoiNWVlODRjNDMtOWUxMS00MThhLTk0YzktYzNlMTAxM2RmZmMwIn0.p1Kev1eTjHJFry68rLeANv3qm8lr7ubBjafytX79RiWXpHOEPMhrYjFvJveVel0xFAl8f3eSuOacPArUbRnG9JgoaUylwM6wzQUPgBPIHgbjtvAUxi8eQ7b8CbWjBtIXW0PdVawkXk2VPH2FxOr0qgMvyWy1QZDEEwvlIsjpshjbDaswc6AIoukHTcdKqXzAnzmF238X-SY5sOJOWgU7lVjO6fOFDyKqIIFuClfq78JbLreapb633DcH4f_0-xPbgV0Ma7KYazzFLjXwVgXzo5MzNf33YKdKp9F9Pa5s6VSqB6njvRX_MelLq2DYsW5NfW6KoPJAN1Squol8CRRFfA
2026-09-24 15:38:10.097 [ForkJoinPool-2-worker-8] INFO  i.p.i.h.r.HttpLoggingFilter [payload] REMOVED @ <root> : Request Header: Authorization = Bearer eyJhbGciOiJSUzI1NiIsImtpZCI6IjE3ZDNmM2MwLTU3MzAtNDVhOS1iZThhLTY1NWU3N2JmMzU1NSIsInR5cCI6ImF0K2p3dCJ9.eyJvcmdhbml6YXRpb25JZCI6ImU3OWEyNGNkLThlZGMtNDQxZS1hZThkLWU4N2MzYWVhMDA1OSIsImF1ZCI6InFhLmludGVyb3AucGFnb3BhLml0L3VpIiwidWlkIjoiNWQ3MTdiOTctNTMwOC00OWE1LTg2ODItMTg3NjYzMjc4ZjI0IiwibmJmIjoxNzkwMjU3MDg2LCJvcmdhbml6YXRpb24iOnsibmFtZSI6IkNvbXVuZSBkaSBNaWxhbm8iLCJyb2xlcyI6W3sicm9sZSI6ImFkbWluIiwicGFydHlSb2xlIjoiTUFOQUdFUiJ9XSwiaWQiOiJlNzlhMjRjZC04ZWRjLTQ0MWUtYWU4ZC1lODdjM2FlYTAwNTkifSwiaXNzIjoicWEuaW50ZXJvcC5wYWdvcGEuaXQiLCJleHRlcm5hbElkIjp7InZhbHVlIjoiY19mMjA1Iiwib3JpZ2luIjoiSVBBIn0sInVzZXItcm9sZXMiOiJhZG1pbiIsInNlbGZjYXJlSWQiOiIwMjZlOGM3Mi03OTQ0LTRkY2QtODY2OC1mNTk2NDQ3ZmVjNmQiLCJleHAiOjE3OTAyNzE0ODYsImlhdCI6MTc5MDI1NzA4NiwianRpIjoiOGIxOTE2MTUtZGFmNy00ZGViLTlkNjctYzQwNTRlNjkzYmM4In0.CAAaf0oJlNv1RCdGPyzumaNZ57YkeYY091y6uXKKHxIkHeidGvwu6-LExfbDp_QxLyZ3b-QyvJFa0qclRvPhFbxmcKNVv6ML-q0LAgzjW4jujvL1CB8-2tTJhFrmYl062QRiyjJ9v-DUls0u1TpcYXnc-Tbr6bSM6nH01TNn0ODEL6bKvp9RGk1fMcUTMsCs6ji--potTXyjgzXpciQe4labf9-c5l7FWgG8esMAexOwXMr0Dx-A-ZtooTwv2GX87FBUbOKoFUp_2Zvtx7d8ugf0PEnY-kPaZjN_bmeNha11vA7ZY6mZVTgHYsnvJPnbJN-XTHeerF6heSYQCGDscg
2026-09-24 15:38:10.097 [ForkJoinPool-2-worker-1] INFO  i.p.i.h.r.HttpLoggingFilter [payload] REPLACED_WITH_NULL @ /version : Request Header: Authorization = Bearer eyJhbGciOiJSUzI1NiIsImtpZCI6IjE3ZDNmM2MwLTU3MzAtNDVhOS1iZThhLTY1NWU3N2JmMzU1NSIsInR5cCI6ImF0K2p3dCJ9.eyJvcmdhbml6YXRpb25JZCI6ImU3OWEyNGNkLThlZGMtNDQxZS1hZThkLWU4N2MzYWVhMDA1OSIsImF1ZCI6InFhLmludGVyb3AucGFnb3BhLml0L3VpIiwidWlkIjoiNWQ3MTdiOTctNTMwOC00OWE1LTg2ODItMTg3NjYzMjc4ZjI0IiwibmJmIjoxNzkwMjU3MDg2LCJvcmdhbml6YXRpb24iOnsibmFtZSI6IkNvbXVuZSBkaSBNaWxhbm8iLCJyb2xlcyI6W3sicm9sZSI6ImFkbWluIiwicGFydHlSb2xlIjoiTUFOQUdFUiJ9XSwiaWQiOiJlNzlhMjRjZC04ZWRjLTQ0MWUtYWU4ZC1lODdjM2FlYTAwNTkifSwiaXNzIjoicWEuaW50ZXJvcC5wYWdvcGEuaXQiLCJleHRlcm5hbElkIjp7InZhbHVlIjoiY19mMjA1Iiwib3JpZ2luIjoiSVBBIn0sInVzZXItcm9sZXMiOiJhZG1pbiIsInNlbGZjYXJlSWQiOiIwMjZlOGM3Mi03OTQ0LTRkY2QtODY2OC1mNTk2NDQ3ZmVjNmQiLCJleHAiOjE3OTAyNzE0ODYsImlhdCI6MTc5MDI1NzA4NiwianRpIjoiODMzZDEzYTQtZGRiOC00YmVmLWJkNDItZTI5NmIyNmU4MjJjIn0.Zgr3W-l7I_VCfN3xykgGOGCsbm5S4AseTdnn0wOufVUAw_0OPwGTXoGisKVSuWSp7v6njd-f4sW57lqJX5hdmGRk4_nyFUdzK_8G2hWfv7YKLnayL0hc7n32urvlzWnBjWlUFCiho0ndjE6dbbyBTORsu9k0gwitDw2BkSAVgUMldR3JwK-Zdk82liRYPlcifEb6l_n9htcFSwpH4ROqxxsqa4m1QFHFWRMbstFXkjLDB-KE-Pmuk5GBlokWYNZ1rITa9QYVY3vHp5_mPhyXPZBFWhhM1PocG6QI7ZaVtzkZCePQqzP_ntZMnvF2MrU2LGdcyPok9AiE79pgSLQMlQ
2026-09-24 15:38:10.098 [ForkJoinPool-2-worker-2] INFO  i.p.i.h.r.HttpLoggingFilter  : Request Header: Accept = application/json,application/problem+json
2026-09-24 15:38:10.098 [ForkJoinPool-2-worker-7] INFO  i.p.i.h.r.HttpLoggingFilter [payload] REPLACED_WITH_NULL @ /name : Request Header: Accept = application/json,application/problem+json
2026-09-24 15:38:10.098 [ForkJoinPool-2-worker-8] INFO  i.p.i.h.r.HttpLoggingFilter [payload] REMOVED @ <root> : Request Header: Accept = application/json,application/problem+json
2026-09-24 15:38:10.099 [ForkJoinPool-2-worker-7] INFO  i.p.i.h.r.HttpLoggingFilter [payload] REPLACED_WITH_NULL @ /name : Request Header: Content-Type = application/json
2026-09-24 15:38:10.099 [ForkJoinPool-2-worker-8] INFO  i.p.i.h.r.HttpLoggingFilter [payload] REMOVED @ <root> : Request Header: Content-Type = application/json
2026-09-24 15:38:10.099 [ForkJoinPool-2-worker-1] INFO  i.p.i.h.r.HttpLoggingFilter [payload] REPLACED_WITH_NULL @ /version : Request Header: Accept = application/json,application/problem+json
2026-09-24 15:38:10.099 [ForkJoinPool-2-worker-2] INFO  i.p.i.h.r.HttpLoggingFilter  : Request Header: Content-Type = application/json
2026-09-24 15:38:10.099 [ForkJoinPool-2-worker-7] INFO  i.p.i.h.r.HttpLoggingFilter [payload] REPLACED_WITH_NULL @ /name : Request Body: {"name":null,"intendedTarget":"target-1xrVCWfjeSPCUHVhP2qZMeR5KLBVRP","description":"description-JqDfeVHhfmZZDaEwnyiv8Y772W09YEWlbNzV1GuAWsOvHU4T1Z","technology":"REST","mode":"DELIVER","version":{"description":"version-description-BsTL9k5cl3kATuTI2a0RfBnwpL7tOhGPD8E","voucherLifespan":60,"dailyCallsPerConsumer":1,"dailyCallsTotal":10,"agreementApprovalPolicy":"AUTOMATIC"},"isSignalHubEnabled":false,"personalData":false,"asyncExchange":false}
2026-09-24 15:38:10.099 [ForkJoinPool-2-worker-1] INFO  i.p.i.h.r.HttpLoggingFilter [payload] REPLACED_WITH_NULL @ /version : Request Header: Content-Type = application/json
2026-09-24 15:38:10.101 [ForkJoinPool-2-worker-1] INFO  i.p.i.h.r.HttpLoggingFilter [payload] REPLACED_WITH_NULL @ /version : Request Body: {"name":"eservice-template-KrBxF1mJ4vZ05CK","intendedTarget":"target-jv6WM0LKXYSfNnARDTUglAzF5CsOSH","description":"description-wkVc653vk9zstOlhMQdXhyCelhASwK2vkYQ9QCMgLEyRo8hR8K","technology":"REST","mode":"DELIVER","version":null,"isSignalHubEnabled":false,"personalData":false,"asyncExchange":false}
2026-09-24 15:38:10.099 [ForkJoinPool-2-worker-2] INFO  i.p.i.h.r.HttpLoggingFilter  : Request Body: {"name":"eservice-template-nuyEkuUSfEJl83B","intendedTarget":"target-ddCrurbSetVvxhEvWJOJ6s1EPpcIgY","description":"description-2PXN0vLGxoXHb02B37xJHbPff2YYw2tKxNMoPgAqh6wM73IYqm","technology":"REST","mode":"DELIVER","version":{"description":"version-description-ytNIpNj2ZuygNaZMFnb10y7CYAWNanQMgDF","voucherLifespan":60,"dailyCallsPerConsumer":1,"dailyCallsTotal":10,"agreementApprovalPolicy":"AUTOMATIC"},"isSignalHubEnabled":false,"personalData":false,"asyncExchange":false}
2026-09-24 15:38:10.126 [ForkJoinPool-2-worker-3] INFO  i.p.i.h.r.HttpLoggingFilter  : Request Method: POST
2026-09-24 15:38:10.127 [ForkJoinPool-2-worker-6] INFO  i.p.i.h.r.HttpLoggingFilter [payload] REMOVED @ /name : Request Method: POST
2026-09-24 15:38:10.129 [ForkJoinPool-2-worker-5] INFO  i.p.i.h.r.HttpLoggingFilter [payload] REPLACED_WITH_NULL @ <root> : Request Method: POST
2026-09-24 15:38:10.129 [ForkJoinPool-2-worker-3] INFO  i.p.i.h.r.HttpLoggingFilter  : Request URI: https://selfcare.qa.interop.pagopa.it/1.0/backend-for-frontend/eservices/templates
2026-09-24 15:38:10.130 [ForkJoinPool-2-worker-4] INFO  i.p.i.h.r.HttpLoggingFilter  : Request Method: POST
2026-09-24 15:38:10.140 [ForkJoinPool-2-worker-3] INFO  i.p.i.h.r.HttpLoggingFilter  : Request Header: Authorization = Bearer eyJhbGciOiJSUzI1NiIsImtpZCI6IjE3ZDNmM2MwLTU3MzAtNDVhOS1iZThhLTY1NWU3N2JmMzU1NSIsInR5cCI6ImF0K2p3dCJ9.eyJvcmdhbml6YXRpb25JZCI6ImU3OWEyNGNkLThlZGMtNDQxZS1hZThkLWU4N2MzYWVhMDA1OSIsImF1ZCI6InFhLmludGVyb3AucGFnb3BhLml0L3VpIiwidWlkIjoiNWQ3MTdiOTctNTMwOC00OWE1LTg2ODItMTg3NjYzMjc4ZjI0IiwibmJmIjoxNzkwMjU3MDg2LCJvcmdhbml6YXRpb24iOnsibmFtZSI6IkNvbXVuZSBkaSBNaWxhbm8iLCJyb2xlcyI6W3sicm9sZSI6ImFkbWluIiwicGFydHlSb2xlIjoiTUFOQUdFUiJ9XSwiaWQiOiJlNzlhMjRjZC04ZWRjLTQ0MWUtYWU4ZC1lODdjM2FlYTAwNTkifSwiaXNzIjoicWEuaW50ZXJvcC5wYWdvcGEuaXQiLCJleHRlcm5hbElkIjp7InZhbHVlIjoiY19mMjA1Iiwib3JpZ2luIjoiSVBBIn0sInVzZXItcm9sZXMiOiJhZG1pbiIsInNlbGZjYXJlSWQiOiIwMjZlOGM3Mi03OTQ0LTRkY2QtODY2OC1mNTk2NDQ3ZmVjNmQiLCJleHAiOjE3OTAyNzE0ODYsImlhdCI6MTc5MDI1NzA4NiwianRpIjoiMWFmZDA0ODQtMjJlYi00ODQzLWFkODYtOTMzZDdjMGFiNjc1In0.mLwHbjyNToowKpClQzq967kDNWoiGlyY8WPHkuNZvp5SxP-PIh0AsbqUG7tRwsXAw971oceJDqnfzXj0X37Xv3UQ0AosbSFsSXm6xPHnEyXy4T93c1hTYj89hHvE5Q5JgfMWPdd4t-eEMaMqvaPHP2xrf-Fbi-BHHwRzH961nEYYkC14AxY4yxAZ0lK8q-p-VRV56g2SCt1E9bP8Mosjs89HyXvFhf2TsuPQXZ2TjbSprQYZDxcu94lBHRxtuFtuqu2EEciZ01ml01VjXcbEx0k5cpdDJ2APXkYymsiSQ8GgsxjjFQ7LMs7FX5C4Ccz0qcsCwsIgRKiXX_Vwt4faJQ
2026-09-24 15:38:10.153 [ForkJoinPool-2-worker-6] INFO  i.p.i.h.r.HttpLoggingFilter [payload] REMOVED @ /name : Request URI: https://selfcare.qa.interop.pagopa.it/1.0/backend-for-frontend/eservices/templates
2026-09-24 15:38:10.156 [ForkJoinPool-2-worker-6] INFO  i.p.i.h.r.HttpLoggingFilter [payload] REMOVED @ /name : Request Header: Authorization = Bearer eyJhbGciOiJSUzI1NiIsImtpZCI6IjE3ZDNmM2MwLTU3MzAtNDVhOS1iZThhLTY1NWU3N2JmMzU1NSIsInR5cCI6ImF0K2p3dCJ9.eyJvcmdhbml6YXRpb25JZCI6ImU3OWEyNGNkLThlZGMtNDQxZS1hZThkLWU4N2MzYWVhMDA1OSIsImF1ZCI6InFhLmludGVyb3AucGFnb3BhLml0L3VpIiwidWlkIjoiNWQ3MTdiOTctNTMwOC00OWE1LTg2ODItMTg3NjYzMjc4ZjI0IiwibmJmIjoxNzkwMjU3MDg2LCJvcmdhbml6YXRpb24iOnsibmFtZSI6IkNvbXVuZSBkaSBNaWxhbm8iLCJyb2xlcyI6W3sicm9sZSI6ImFkbWluIiwicGFydHlSb2xlIjoiTUFOQUdFUiJ9XSwiaWQiOiJlNzlhMjRjZC04ZWRjLTQ0MWUtYWU4ZC1lODdjM2FlYTAwNTkifSwiaXNzIjoicWEuaW50ZXJvcC5wYWdvcGEuaXQiLCJleHRlcm5hbElkIjp7InZhbHVlIjoiY19mMjA1Iiwib3JpZ2luIjoiSVBBIn0sInVzZXItcm9sZXMiOiJhZG1pbiIsInNlbGZjYXJlSWQiOiIwMjZlOGM3Mi03OTQ0LTRkY2QtODY2OC1mNTk2NDQ3ZmVjNmQiLCJleHAiOjE3OTAyNzE0ODYsImlhdCI6MTc5MDI1NzA4NiwianRpIjoiZDVjOTY4ZDUtZTBhMS00OTA2LWFkNjAtYjEyZDIwNGNlNGFiIn0.OZNFTlmbco9P7_NACjRu80d7lpGM6GV2lgin05A3QsqiFpG-57SCF1PF1yfB662thXcw7Dl6WJQeLHHrmjTVtWC9zCyGSFzEUjLoQiUmMHI75qPsUXvMOF1fOnBXQH3CWG5zN8EO-h2zK_xyQ3_wYoPJrZuHC6aWQKi5zUGdEbT_m4usiDgbDLO5zLQ-69TBf24nP0lD2tFsMGaVOl4AogDJ0z5pE9grxby-p3o6HpWC6K2mhZFU9hBzlC3eavTeMDSwDeK-i0o0A3ItmW9s1UVBuU2TThhXeIxAZcrCuuGmmqRTS-77xrgf1uRV2xzcOwK0uTiLklqy4y5kmOG5ZQ
2026-09-24 15:38:10.156 [ForkJoinPool-2-worker-6] INFO  i.p.i.h.r.HttpLoggingFilter [payload] REMOVED @ /name : Request Header: Accept = application/json,application/problem+json
2026-09-24 15:38:10.156 [ForkJoinPool-2-worker-6] INFO  i.p.i.h.r.HttpLoggingFilter [payload] REMOVED @ /name : Request Header: Content-Type = application/json
2026-09-24 15:38:10.157 [ForkJoinPool-2-worker-6] INFO  i.p.i.h.r.HttpLoggingFilter [payload] REMOVED @ /name : Request Body: {"intendedTarget":"target-9rAYgQojyOZxO122sJ6k4uqfNhi0lF","description":"description-vZDujHvfjZBJ1zmrdFdTenQdzPbSYtdmEHALwKyxLIwtDp7Ijo","technology":"REST","mode":"DELIVER","version":{"description":"version-description-1FDMF3T8400fdTW0SrCjB04hnvFEpyuegaS","voucherLifespan":60,"dailyCallsPerConsumer":1,"dailyCallsTotal":10,"agreementApprovalPolicy":"AUTOMATIC"},"isSignalHubEnabled":false,"personalData":false,"asyncExchange":false}
2026-09-24 15:38:10.166 [ForkJoinPool-2-worker-3] INFO  i.p.i.h.r.HttpLoggingFilter  : Request Header: Accept = application/json,application/problem+json
2026-09-24 15:38:10.157 [ForkJoinPool-2-worker-5] INFO  i.p.i.h.r.HttpLoggingFilter [payload] REPLACED_WITH_NULL @ <root> : Request URI: https://selfcare.qa.interop.pagopa.it/1.0/backend-for-frontend/eservices/templates
2026-09-24 15:38:10.170 [ForkJoinPool-2-worker-3] INFO  i.p.i.h.r.HttpLoggingFilter  : Request Header: Content-Type = application/json
2026-09-24 15:38:10.171 [ForkJoinPool-2-worker-3] INFO  i.p.i.h.r.HttpLoggingFilter  : Request Body: {"name":"eservice-template-T1oZtvWHye7M1hx","intendedTarget":"target-d7mdfWEhSWm9mqNBRq6a5MFja9uU5j","description":"description-CQP3VWpuOFkAACagTuTBHPy7Lfzwc7OrNj28b6HeWouCnsMZlz","technology":"REST","mode":"DELIVER","version":{"description":"version-description-8w7yAsbAFLbGiW2M1jIoTvYjB3AA3sgPFQm","voucherLifespan":60,"dailyCallsPerConsumer":1,"dailyCallsTotal":10,"agreementApprovalPolicy":"AUTOMATIC"},"isSignalHubEnabled":false,"personalData":false,"asyncExchange":false}
2026-09-24 15:38:10.171 [ForkJoinPool-2-worker-4] INFO  i.p.i.h.r.HttpLoggingFilter  : Request URI: https://selfcare.qa.interop.pagopa.it/1.0/backend-for-frontend/eservices/templates
2026-09-24 15:38:10.173 [ForkJoinPool-2-worker-4] INFO  i.p.i.h.r.HttpLoggingFilter  : Request Header: Authorization = Bearer eyJhbGciOiJSUzI1NiIsImtpZCI6IjE3ZDNmM2MwLTU3MzAtNDVhOS1iZThhLTY1NWU3N2JmMzU1NSIsInR5cCI6ImF0K2p3dCJ9.eyJvcmdhbml6YXRpb25JZCI6ImU3OWEyNGNkLThlZGMtNDQxZS1hZThkLWU4N2MzYWVhMDA1OSIsImF1ZCI6InFhLmludGVyb3AucGFnb3BhLml0L3VpIiwidWlkIjoiNWQ3MTdiOTctNTMwOC00OWE1LTg2ODItMTg3NjYzMjc4ZjI0IiwibmJmIjoxNzkwMjU3MDg2LCJvcmdhbml6YXRpb24iOnsibmFtZSI6IkNvbXVuZSBkaSBNaWxhbm8iLCJyb2xlcyI6W3sicm9sZSI6ImFkbWluIiwicGFydHlSb2xlIjoiTUFOQUdFUiJ9XSwiaWQiOiJlNzlhMjRjZC04ZWRjLTQ0MWUtYWU4ZC1lODdjM2FlYTAwNTkifSwiaXNzIjoicWEuaW50ZXJvcC5wYWdvcGEuaXQiLCJleHRlcm5hbElkIjp7InZhbHVlIjoiY19mMjA1Iiwib3JpZ2luIjoiSVBBIn0sInVzZXItcm9sZXMiOiJhZG1pbiIsInNlbGZjYXJlSWQiOiIwMjZlOGM3Mi03OTQ0LTRkY2QtODY2OC1mNTk2NDQ3ZmVjNmQiLCJleHAiOjE3OTAyNzE0ODYsImlhdCI6MTc5MDI1NzA4NiwianRpIjoiYzJhZWMwZWUtMzcyNi00ZGNjLTk3NWItZjA5Mjg3MDkwMmM1In0.E8igeQkf2i9l7eYnDC9erq92p8k5TaW4IQ-bHWMr9DkgnO0KAxzZptydRuM_FsZetT4QYRAMi7GVaO3RNqirI1KzGmgrK8gQrUlPG6wrKKagOSZtTJ-Gv-NDCiPKWcJlj0BDXQ_3uP15lpXjCX7k-uUBmBfWiXsQhg-OAczTORK8SZyr8QGGr-nYfN_yhfja6xWhIXJgHYLtZtVv5H7t2fjOXN3P7ZtRtQjFItr2eo4bhmtRE-n8odwor-6YfjkZqcD_fGBjxMMeYaDOoPlvg7anjGGy_c5l57F5s8nx586SNtmjSTuP55eECUhaCtDrAwR6bSpwKgPJ_Xj95g0jGA
2026-09-24 15:38:10.174 [ForkJoinPool-2-worker-4] INFO  i.p.i.h.r.HttpLoggingFilter  : Request Header: Accept = application/json,application/problem+json
2026-09-24 15:38:10.174 [ForkJoinPool-2-worker-4] INFO  i.p.i.h.r.HttpLoggingFilter  : Request Header: Content-Type = application/json
2026-09-24 15:38:10.174 [ForkJoinPool-2-worker-4] INFO  i.p.i.h.r.HttpLoggingFilter  : Request Body: {"name":"eservice-template-mv3xpKvR8HOJB5u","intendedTarget":"target-RS7CcC62aIrAeladOcXg5NWDaDCBoT","description":"description-vgoapejJmH52kIm9OsjpkmEj6LxpPwhpQxZzZ36pJqeTaeQ7ia","technology":"REST","mode":"DELIVER","version":{"description":"version-description-erGe62Zu6HM1txx5skHGhLoPkha8psgJHPo","voucherLifespan":60,"dailyCallsPerConsumer":1,"dailyCallsTotal":10,"agreementApprovalPolicy":"AUTOMATIC"},"isSignalHubEnabled":false,"personalData":false,"asyncExchange":false}
2026-09-24 15:38:10.170 [ForkJoinPool-2-worker-5] INFO  i.p.i.h.r.HttpLoggingFilter [payload] REPLACED_WITH_NULL @ <root> : Request Header: Authorization = Bearer eyJhbGciOiJSUzI1NiIsImtpZCI6IjE3ZDNmM2MwLTU3MzAtNDVhOS1iZThhLTY1NWU3N2JmMzU1NSIsInR5cCI6ImF0K2p3dCJ9.eyJvcmdhbml6YXRpb25JZCI6ImU3OWEyNGNkLThlZGMtNDQxZS1hZThkLWU4N2MzYWVhMDA1OSIsImF1ZCI6InFhLmludGVyb3AucGFnb3BhLml0L3VpIiwidWlkIjoiNWQ3MTdiOTctNTMwOC00OWE1LTg2ODItMTg3NjYzMjc4ZjI0IiwibmJmIjoxNzkwMjU3MDg2LCJvcmdhbml6YXRpb24iOnsibmFtZSI6IkNvbXVuZSBkaSBNaWxhbm8iLCJyb2xlcyI6W3sicm9sZSI6ImFkbWluIiwicGFydHlSb2xlIjoiTUFOQUdFUiJ9XSwiaWQiOiJlNzlhMjRjZC04ZWRjLTQ0MWUtYWU4ZC1lODdjM2FlYTAwNTkifSwiaXNzIjoicWEuaW50ZXJvcC5wYWdvcGEuaXQiLCJleHRlcm5hbElkIjp7InZhbHVlIjoiY19mMjA1Iiwib3JpZ2luIjoiSVBBIn0sInVzZXItcm9sZXMiOiJhZG1pbiIsInNlbGZjYXJlSWQiOiIwMjZlOGM3Mi03OTQ0LTRkY2QtODY2OC1mNTk2NDQ3ZmVjNmQiLCJleHAiOjE3OTAyNzE0ODYsImlhdCI6MTc5MDI1NzA4NiwianRpIjoiOWVkYjdlOTEtYzkyOC00NWQ2LWEzODAtYmQzNTFiY2MxNDgyIn0.TnlVYTEKg0G4lM81pRGHzUI1P4ZYFrnjK5QuicKDZO7oSkhGnkmsfQiaYHyw2tGRVwT4vvjPsxhx3eC1ZlAdWSJplzSKOxN8Fa2QsaMGwLUbMUzINmqxzhbl3yedCzkg4PvT5gdMyMn6TRcEgG5YLv5AA_WqQ2JDnIVkDVMqaXVTmmSSpR0vIOJkcahSEixbcKZGSO9RlUIvc_y1NE9_wpHwCnG9AGCUtVOraSEq06cuCJTWizZKQWO5Cx74lfhQkaVFGxyihel5BWIh9zPeRF-wNTN4tUfPCslCzanceP-_ewlc-k6D2ZLmCZG8zwXBEtAeYqPb0DCqDicBCAWeAw
2026-09-24 15:38:10.180 [ForkJoinPool-2-worker-5] INFO  i.p.i.h.r.HttpLoggingFilter [payload] REPLACED_WITH_NULL @ <root> : Request Header: Accept = application/json,application/problem+json
2026-09-24 15:38:10.181 [ForkJoinPool-2-worker-5] INFO  i.p.i.h.r.HttpLoggingFilter [payload] REPLACED_WITH_NULL @ <root> : Request Header: Content-Type = application/json
2026-09-24 15:38:10.181 [ForkJoinPool-2-worker-5] INFO  i.p.i.h.r.HttpLoggingFilter [payload] REPLACED_WITH_NULL @ <root> : Request Body: null
2026-09-24 15:38:11.341 [ForkJoinPool-2-worker-8] INFO  i.p.i.h.r.HttpLoggingFilter [payload] REMOVED @ <root> : Response Status Code: 400
2026-09-24 15:38:11.342 [ForkJoinPool-2-worker-8] INFO  i.p.i.h.r.HttpLoggingFilter [payload] REMOVED @ <root> : Response Status Text: Bad Request
2026-09-24 15:38:11.343 [ForkJoinPool-2-worker-8] INFO  i.p.i.h.r.HttpLoggingFilter [payload] REMOVED @ <root> : Response Header: Date = Thu, 24 Sep 2026 13:38:11 GMT
2026-09-24 15:38:11.345 [ForkJoinPool-2-worker-7] INFO  i.p.i.h.r.HttpLoggingFilter [payload] REPLACED_WITH_NULL @ /name : Response Status Code: 400
2026-09-24 15:38:11.347 [ForkJoinPool-2-worker-7] INFO  i.p.i.h.r.HttpLoggingFilter [payload] REPLACED_WITH_NULL @ /name : Response Status Text: Bad Request
2026-09-24 15:38:11.347 [ForkJoinPool-2-worker-7] INFO  i.p.i.h.r.HttpLoggingFilter [payload] REPLACED_WITH_NULL @ /name : Response Header: Date = Thu, 24 Sep 2026 13:38:11 GMT
2026-09-24 15:38:11.347 [ForkJoinPool-2-worker-7] INFO  i.p.i.h.r.HttpLoggingFilter [payload] REPLACED_WITH_NULL @ /name : Response Header: Content-Type = application/json; charset=utf-8
2026-09-24 15:38:11.347 [ForkJoinPool-2-worker-7] INFO  i.p.i.h.r.HttpLoggingFilter [payload] REPLACED_WITH_NULL @ /name : Response Header: Content-Length = 251
2026-09-24 15:38:11.347 [ForkJoinPool-2-worker-7] INFO  i.p.i.h.r.HttpLoggingFilter [payload] REPLACED_WITH_NULL @ /name : Response Header: Connection = keep-alive
2026-09-24 15:38:11.347 [ForkJoinPool-2-worker-7] INFO  i.p.i.h.r.HttpLoggingFilter [payload] REPLACED_WITH_NULL @ /name : Response Header: x-amzn-RequestId = 14e47286-8b1a-42d9-8afa-64c61e102dd9
2026-09-24 15:38:11.347 [ForkJoinPool-2-worker-7] INFO  i.p.i.h.r.HttpLoggingFilter [payload] REPLACED_WITH_NULL @ /name : Response Header: x-amzn-Remapped-Content-Length = 251
2026-09-24 15:38:11.348 [ForkJoinPool-2-worker-7] INFO  i.p.i.h.r.HttpLoggingFilter [payload] REPLACED_WITH_NULL @ /name : Response Header: X-Rate-Limit-Remaining = 9999997
2026-09-24 15:38:11.348 [ForkJoinPool-2-worker-7] INFO  i.p.i.h.r.HttpLoggingFilter [payload] REPLACED_WITH_NULL @ /name : Response Header: x-amzn-Remapped-Connection = keep-alive
2026-09-24 15:38:11.348 [ForkJoinPool-2-worker-7] INFO  i.p.i.h.r.HttpLoggingFilter [payload] REPLACED_WITH_NULL @ /name : Response Header: X-Rate-Limit-Interval = 1000
2026-09-24 15:38:11.348 [ForkJoinPool-2-worker-7] INFO  i.p.i.h.r.HttpLoggingFilter [payload] REPLACED_WITH_NULL @ /name : Response Header: X-Rate-Limit-Limit = 9999999
2026-09-24 15:38:11.348 [ForkJoinPool-2-worker-7] INFO  i.p.i.h.r.HttpLoggingFilter [payload] REPLACED_WITH_NULL @ /name : Response Header: x-amz-apigw-id = ENMmjEKDMu8Em4g=
2026-09-24 15:38:11.348 [ForkJoinPool-2-worker-7] INFO  i.p.i.h.r.HttpLoggingFilter [payload] REPLACED_WITH_NULL @ /name : Response Header: X-Correlation-Id = 72382d3f-40bb-40b3-ad79-adb8b0aff79b
2026-09-24 15:38:11.348 [ForkJoinPool-2-worker-7] INFO  i.p.i.h.r.HttpLoggingFilter [payload] REPLACED_WITH_NULL @ /name : Response Header: x-amzn-Remapped-Date = Thu, 24 Sep 2026 13:38:11 GMT
2026-09-24 15:38:11.346 [ForkJoinPool-2-worker-3] INFO  i.p.i.h.r.HttpLoggingFilter  : Response Status Code: 200
2026-09-24 15:38:11.351 [ForkJoinPool-2-worker-3] INFO  i.p.i.h.r.HttpLoggingFilter  : Response Status Text: OK
2026-09-24 15:38:11.352 [ForkJoinPool-2-worker-3] INFO  i.p.i.h.r.HttpLoggingFilter  : Response Header: Date = Thu, 24 Sep 2026 13:38:11 GMT
2026-09-24 15:38:11.353 [ForkJoinPool-2-worker-3] INFO  i.p.i.h.r.HttpLoggingFilter  : Response Header: Content-Type = application/json; charset=utf-8
2026-09-24 15:38:11.353 [ForkJoinPool-2-worker-3] INFO  i.p.i.h.r.HttpLoggingFilter  : Response Header: Content-Length = 96
2026-09-24 15:38:11.353 [ForkJoinPool-2-worker-3] INFO  i.p.i.h.r.HttpLoggingFilter  : Response Header: Connection = keep-alive
2026-09-24 15:38:11.354 [ForkJoinPool-2-worker-3] INFO  i.p.i.h.r.HttpLoggingFilter  : Response Header: x-amzn-RequestId = 5cfc28c8-321e-485f-807a-d694a9e75b86
2026-09-24 15:38:11.355 [ForkJoinPool-2-worker-3] INFO  i.p.i.h.r.HttpLoggingFilter  : Response Header: x-amzn-Remapped-Content-Length = 96
2026-09-24 15:38:11.356 [ForkJoinPool-2-worker-3] INFO  i.p.i.h.r.HttpLoggingFilter  : Response Header: X-Rate-Limit-Remaining = 9999993
2026-09-24 15:38:11.357 [ForkJoinPool-2-worker-3] INFO  i.p.i.h.r.HttpLoggingFilter  : Response Header: x-amzn-Remapped-Connection = keep-alive
2026-09-24 15:38:11.357 [ForkJoinPool-2-worker-3] INFO  i.p.i.h.r.HttpLoggingFilter  : Response Header: X-Rate-Limit-Interval = 1000
2026-09-24 15:38:11.357 [ForkJoinPool-2-worker-3] INFO  i.p.i.h.r.HttpLoggingFilter  : Response Header: X-Rate-Limit-Limit = 9999999
2026-09-24 15:38:11.357 [ForkJoinPool-2-worker-3] INFO  i.p.i.h.r.HttpLoggingFilter  : Response Header: x-amz-apigw-id = ENMmjGTQsu8EmNw=
2026-09-24 15:38:11.358 [ForkJoinPool-2-worker-3] INFO  i.p.i.h.r.HttpLoggingFilter  : Response Header: X-Correlation-Id = 2b5766ad-ee97-4787-836a-2c7c140954e2
2026-09-24 15:38:11.358 [ForkJoinPool-2-worker-3] INFO  i.p.i.h.r.HttpLoggingFilter  : Response Header: x-amzn-Remapped-Date = Thu, 24 Sep 2026 13:38:11 GMT
2026-09-24 15:38:11.358 [ForkJoinPool-2-worker-3] INFO  i.p.i.h.r.HttpLoggingFilter  : Response Body: {"id":"630b5294-a7ee-4ae6-8593-36d4d6e21297","versionId":"4035028c-83db-47d8-b51f-ac5ef60bb3ca"}
2026-09-24 15:38:11.349 [ForkJoinPool-2-worker-7] INFO  i.p.i.h.r.HttpLoggingFilter [payload] REPLACED_WITH_NULL @ /name : Response Body: {"type":"about:blank","title":"Bad request","status":400,"detail":"Incorrect value for body","correlationId":"72382d3f-40bb-40b3-ad79-adb8b0aff79b","errors":[{"code":"008-9999","detail":"Validation error: Expected string, received null at \"name\""}]}
2026-09-24 15:38:11.361 [ForkJoinPool-2-worker-1] INFO  i.p.i.h.r.HttpLoggingFilter [payload] REPLACED_WITH_NULL @ /version : Response Status Code: 400
2026-09-24 15:38:11.361 [ForkJoinPool-2-worker-6] INFO  i.p.i.h.r.HttpLoggingFilter [payload] REMOVED @ /name : Response Status Code: 400
2026-09-24 15:38:11.361 [ForkJoinPool-2-worker-1] INFO  i.p.i.h.r.HttpLoggingFilter [payload] REPLACED_WITH_NULL @ /version : Response Status Text: Bad Request
2026-09-24 15:38:11.361 [ForkJoinPool-2-worker-1] INFO  i.p.i.h.r.HttpLoggingFilter [payload] REPLACED_WITH_NULL @ /version : Response Header: Date = Thu, 24 Sep 2026 13:38:11 GMT
2026-09-24 15:38:11.362 [ForkJoinPool-2-worker-1] INFO  i.p.i.h.r.HttpLoggingFilter [payload] REPLACED_WITH_NULL @ /version : Response Header: Content-Type = application/json; charset=utf-8
2026-09-24 15:38:11.362 [ForkJoinPool-2-worker-1] INFO  i.p.i.h.r.HttpLoggingFilter [payload] REPLACED_WITH_NULL @ /version : Response Header: Content-Length = 254
2026-09-24 15:38:11.361 [ForkJoinPool-2-worker-5] INFO  i.p.i.h.r.HttpLoggingFilter [payload] REPLACED_WITH_NULL @ <root> : Response Status Code: 400
2026-09-24 15:38:11.362 [ForkJoinPool-2-worker-4] INFO  i.p.i.h.r.HttpLoggingFilter  : Response Status Code: 200
2026-09-24 15:38:11.363 [ForkJoinPool-2-worker-5] INFO  i.p.i.h.r.HttpLoggingFilter [payload] REPLACED_WITH_NULL @ <root> : Response Status Text: Bad Request
2026-09-24 15:38:11.362 [ForkJoinPool-2-worker-6] INFO  i.p.i.h.r.HttpLoggingFilter [payload] REMOVED @ /name : Response Status Text: Bad Request
2026-09-24 15:38:11.363 [ForkJoinPool-2-worker-4] INFO  i.p.i.h.r.HttpLoggingFilter  : Response Status Text: OK
2026-09-24 15:38:11.363 [ForkJoinPool-2-worker-6] INFO  i.p.i.h.r.HttpLoggingFilter [payload] REMOVED @ /name : Response Header: Date = Thu, 24 Sep 2026 13:38:11 GMT
2026-09-24 15:38:11.363 [ForkJoinPool-2-worker-5] INFO  i.p.i.h.r.HttpLoggingFilter [payload] REPLACED_WITH_NULL @ <root> : Response Header: Date = Thu, 24 Sep 2026 13:38:11 GMT
2026-09-24 15:38:11.363 [ForkJoinPool-2-worker-4] INFO  i.p.i.h.r.HttpLoggingFilter  : Response Header: Date = Thu, 24 Sep 2026 13:38:11 GMT
2026-09-24 15:38:11.363 [ForkJoinPool-2-worker-6] INFO  i.p.i.h.r.HttpLoggingFilter [payload] REMOVED @ /name : Response Header: Content-Type = application/json; charset=utf-8
2026-09-24 15:38:11.363 [ForkJoinPool-2-worker-5] INFO  i.p.i.h.r.HttpLoggingFilter [payload] REPLACED_WITH_NULL @ <root> : Response Header: Content-Type = application/json; charset=utf-8
2026-09-24 15:38:11.363 [ForkJoinPool-2-worker-4] INFO  i.p.i.h.r.HttpLoggingFilter  : Response Header: Content-Type = application/json; charset=utf-8
2026-09-24 15:38:11.363 [ForkJoinPool-2-worker-5] INFO  i.p.i.h.r.HttpLoggingFilter [payload] REPLACED_WITH_NULL @ <root> : Response Header: Content-Length = 152
2026-09-24 15:38:11.363 [ForkJoinPool-2-worker-6] INFO  i.p.i.h.r.HttpLoggingFilter [payload] REMOVED @ /name : Response Header: Content-Length = 229
2026-09-24 15:38:11.364 [ForkJoinPool-2-worker-6] INFO  i.p.i.h.r.HttpLoggingFilter [payload] REMOVED @ /name : Response Header: Connection = keep-alive
2026-09-24 15:38:11.364 [ForkJoinPool-2-worker-1] INFO  i.p.i.h.r.HttpLoggingFilter [payload] REPLACED_WITH_NULL @ /version : Response Header: Connection = keep-alive
2026-09-24 15:38:11.364 [ForkJoinPool-2-worker-4] INFO  i.p.i.h.r.HttpLoggingFilter  : Response Header: Content-Length = 96
2026-09-24 15:38:11.364 [ForkJoinPool-2-worker-4] INFO  i.p.i.h.r.HttpLoggingFilter  : Response Header: Connection = keep-alive
2026-09-24 15:38:11.365 [ForkJoinPool-2-worker-4] INFO  i.p.i.h.r.HttpLoggingFilter  : Response Header: x-amzn-RequestId = 4deda947-18a3-429f-a9c4-666c422b0fee
2026-09-24 15:38:11.364 [ForkJoinPool-2-worker-1] INFO  i.p.i.h.r.HttpLoggingFilter [payload] REPLACED_WITH_NULL @ /version : Response Header: x-amzn-RequestId = f5e9afd1-3aa9-4858-beed-25321bc3d983
2026-09-24 15:38:11.365 [ForkJoinPool-2-worker-4] INFO  i.p.i.h.r.HttpLoggingFilter  : Response Header: x-amzn-Remapped-Content-Length = 96
2026-09-24 15:38:11.364 [ForkJoinPool-2-worker-8] INFO  i.p.i.h.r.HttpLoggingFilter [payload] REMOVED @ <root> : Response Header: Content-Type = application/json; charset=utf-8
2026-09-24 15:38:11.370 [ForkJoinPool-2-worker-8] INFO  i.p.i.h.r.HttpLoggingFilter [payload] REMOVED @ <root> : Response Header: Content-Length = 532
2026-09-24 15:38:11.370 [ForkJoinPool-2-worker-8] INFO  i.p.i.h.r.HttpLoggingFilter [payload] REMOVED @ <root> : Response Header: Connection = keep-alive
2026-09-24 15:38:11.369 [ForkJoinPool-2-worker-4] INFO  i.p.i.h.r.HttpLoggingFilter  : Response Header: X-Rate-Limit-Remaining = 9999991
2026-09-24 15:38:11.370 [ForkJoinPool-2-worker-4] INFO  i.p.i.h.r.HttpLoggingFilter  : Response Header: x-amzn-Remapped-Connection = keep-alive
2026-09-24 15:38:11.371 [ForkJoinPool-2-worker-4] INFO  i.p.i.h.r.HttpLoggingFilter  : Response Header: X-Rate-Limit-Interval = 1000
2026-09-24 15:38:11.371 [ForkJoinPool-2-worker-1] INFO  i.p.i.h.r.HttpLoggingFilter [payload] REPLACED_WITH_NULL @ /version : Response Header: x-amzn-Remapped-Content-Length = 254
2026-09-24 15:38:11.371 [ForkJoinPool-2-worker-1] INFO  i.p.i.h.r.HttpLoggingFilter [payload] REPLACED_WITH_NULL @ /version : Response Header: X-Rate-Limit-Remaining = 9999992
2026-09-24 15:38:11.371 [ForkJoinPool-2-worker-1] INFO  i.p.i.h.r.HttpLoggingFilter [payload] REPLACED_WITH_NULL @ /version : Response Header: x-amzn-Remapped-Connection = keep-alive
2026-09-24 15:38:11.371 [ForkJoinPool-2-worker-1] INFO  i.p.i.h.r.HttpLoggingFilter [payload] REPLACED_WITH_NULL @ /version : Response Header: X-Rate-Limit-Interval = 1000
2026-09-24 15:38:11.371 [ForkJoinPool-2-worker-1] INFO  i.p.i.h.r.HttpLoggingFilter [payload] REPLACED_WITH_NULL @ /version : Response Header: X-Rate-Limit-Limit = 9999999
2026-09-24 15:38:11.371 [ForkJoinPool-2-worker-1] INFO  i.p.i.h.r.HttpLoggingFilter [payload] REPLACED_WITH_NULL @ /version : Response Header: x-amz-apigw-id = ENMmjHv3su8EkuA=
2026-09-24 15:38:11.371 [ForkJoinPool-2-worker-1] INFO  i.p.i.h.r.HttpLoggingFilter [payload] REPLACED_WITH_NULL @ /version : Response Header: X-Correlation-Id = 8a9ba8e0-f0a6-42b8-9078-c93624313eb6
2026-09-24 15:38:11.372 [ForkJoinPool-2-worker-1] INFO  i.p.i.h.r.HttpLoggingFilter [payload] REPLACED_WITH_NULL @ /version : Response Header: x-amzn-Remapped-Date = Thu, 24 Sep 2026 13:38:11 GMT
2026-09-24 15:38:11.372 [ForkJoinPool-2-worker-1] INFO  i.p.i.h.r.HttpLoggingFilter [payload] REPLACED_WITH_NULL @ /version : Response Body: {"type":"about:blank","title":"Bad request","status":400,"detail":"Incorrect value for body","correlationId":"8a9ba8e0-f0a6-42b8-9078-c93624313eb6","errors":[{"code":"008-9999","detail":"Validation error: Expected object, received null at \"version\""}]}
2026-09-24 15:38:11.377 [ForkJoinPool-2-worker-4] INFO  i.p.i.h.r.HttpLoggingFilter  : Response Header: X-Rate-Limit-Limit = 9999999
2026-09-24 15:38:11.378 [ForkJoinPool-2-worker-4] INFO  i.p.i.h.r.HttpLoggingFilter  : Response Header: x-amz-apigw-id = ENMmkErRsu8EFhg=
2026-09-24 15:38:11.378 [ForkJoinPool-2-worker-4] INFO  i.p.i.h.r.HttpLoggingFilter  : Response Header: X-Correlation-Id = 81e14732-cd3f-477f-99dd-80969dc1084e
2026-09-24 15:38:11.378 [ForkJoinPool-2-worker-4] INFO  i.p.i.h.r.HttpLoggingFilter  : Response Header: x-amzn-Remapped-Date = Thu, 24 Sep 2026 13:38:11 GMT
2026-09-24 15:38:11.364 [ForkJoinPool-2-worker-5] INFO  i.p.i.h.r.HttpLoggingFilter [payload] REPLACED_WITH_NULL @ <root> : Response Header: Connection = keep-alive
2026-09-24 15:38:11.379 [ForkJoinPool-2-worker-5] INFO  i.p.i.h.r.HttpLoggingFilter [payload] REPLACED_WITH_NULL @ <root> : Response Header: x-amzn-RequestId = 0588c548-75f4-45e9-be12-b4454c0b7690
2026-09-24 15:38:11.364 [ForkJoinPool-2-worker-2] INFO  i.p.i.h.r.HttpLoggingFilter  : Response Status Code: 200
2026-09-24 15:38:11.380 [ForkJoinPool-2-worker-2] INFO  i.p.i.h.r.HttpLoggingFilter  : Response Status Text: OK
2026-09-24 15:38:11.380 [ForkJoinPool-2-worker-2] INFO  i.p.i.h.r.HttpLoggingFilter  : Response Header: Date = Thu, 24 Sep 2026 13:38:11 GMT
2026-09-24 15:38:11.380 [ForkJoinPool-2-worker-2] INFO  i.p.i.h.r.HttpLoggingFilter  : Response Header: Content-Type = application/json; charset=utf-8
2026-09-24 15:38:11.364 [ForkJoinPool-2-worker-6] INFO  i.p.i.h.r.HttpLoggingFilter [payload] REMOVED @ /name : Response Header: x-amzn-RequestId = 1feb73a8-b03e-4c32-a032-77aad0ea55c3
2026-09-24 15:38:11.370 [ForkJoinPool-2-worker-8] INFO  i.p.i.h.r.HttpLoggingFilter [payload] REMOVED @ <root> : Response Header: x-amzn-RequestId = 82c3517c-8df9-4d96-b2f3-50442abb21e5
2026-09-24 15:38:11.379 [ForkJoinPool-2-worker-4] INFO  i.p.i.h.r.HttpLoggingFilter  : Response Body: {"id":"183201ec-96ec-4b92-988d-c44376497e28","versionId":"7f1f6e4e-c150-416c-8108-988bd8734358"}
2026-09-24 15:38:11.380 [ForkJoinPool-2-worker-8] INFO  i.p.i.h.r.HttpLoggingFilter [payload] REMOVED @ <root> : Response Header: x-amzn-Remapped-Content-Length = 532
2026-09-24 15:38:11.381 [ForkJoinPool-2-worker-8] INFO  i.p.i.h.r.HttpLoggingFilter [payload] REMOVED @ <root> : Response Header: X-Rate-Limit-Remaining = 9999995
2026-09-24 15:38:11.381 [ForkJoinPool-2-worker-6] INFO  i.p.i.h.r.HttpLoggingFilter [payload] REMOVED @ /name : Response Header: x-amzn-Remapped-Content-Length = 229
2026-09-24 15:38:11.380 [ForkJoinPool-2-worker-2] INFO  i.p.i.h.r.HttpLoggingFilter  : Response Header: Content-Length = 96
2026-09-24 15:38:11.381 [ForkJoinPool-2-worker-6] INFO  i.p.i.h.r.HttpLoggingFilter [payload] REMOVED @ /name : Response Header: X-Rate-Limit-Remaining = 9999994
2026-09-24 15:38:11.381 [ForkJoinPool-2-worker-2] INFO  i.p.i.h.r.HttpLoggingFilter  : Response Header: Connection = keep-alive
2026-09-24 15:38:11.381 [ForkJoinPool-2-worker-5] INFO  i.p.i.h.r.HttpLoggingFilter [payload] REPLACED_WITH_NULL @ <root> : Response Header: x-amzn-Remapped-Content-Length = 152
2026-09-24 15:38:11.381 [ForkJoinPool-2-worker-2] INFO  i.p.i.h.r.HttpLoggingFilter  : Response Header: x-amzn-RequestId = cf27455e-345a-4def-bdfc-feecc8621917
2026-09-24 15:38:11.381 [ForkJoinPool-2-worker-2] INFO  i.p.i.h.r.HttpLoggingFilter  : Response Header: x-amzn-Remapped-Content-Length = 96
2026-09-24 15:38:11.381 [ForkJoinPool-2-worker-2] INFO  i.p.i.h.r.HttpLoggingFilter  : Response Header: X-Rate-Limit-Remaining = 9999996
2026-09-24 15:38:11.381 [ForkJoinPool-2-worker-8] INFO  i.p.i.h.r.HttpLoggingFilter [payload] REMOVED @ <root> : Response Header: x-amzn-Remapped-Connection = keep-alive
2026-09-24 15:38:11.381 [ForkJoinPool-2-worker-6] INFO  i.p.i.h.r.HttpLoggingFilter [payload] REMOVED @ /name : Response Header: x-amzn-Remapped-Connection = keep-alive
2026-09-24 15:38:11.392 [ForkJoinPool-2-worker-6] INFO  i.p.i.h.r.HttpLoggingFilter [payload] REMOVED @ /name : Response Header: X-Rate-Limit-Interval = 1000
2026-09-24 15:38:11.395 [ForkJoinPool-2-worker-6] INFO  i.p.i.h.r.HttpLoggingFilter [payload] REMOVED @ /name : Response Header: X-Rate-Limit-Limit = 9999999
2026-09-24 15:38:11.395 [ForkJoinPool-2-worker-6] INFO  i.p.i.h.r.HttpLoggingFilter [payload] REMOVED @ /name : Response Header: x-amz-apigw-id = ENMmjFnWsu8EOJg=
2026-09-24 15:38:11.382 [ForkJoinPool-2-worker-8] INFO  i.p.i.h.r.HttpLoggingFilter [payload] REMOVED @ <root> : Response Header: X-Rate-Limit-Interval = 1000
2026-09-24 15:38:11.382 [ForkJoinPool-2-worker-2] INFO  i.p.i.h.r.HttpLoggingFilter  : Response Header: x-amzn-Remapped-Connection = keep-alive
2026-09-24 15:38:11.410 [ForkJoinPool-2-worker-8] INFO  i.p.i.h.r.HttpLoggingFilter [payload] REMOVED @ <root> : Response Header: X-Rate-Limit-Limit = 9999999
2026-09-24 15:38:11.411 [ForkJoinPool-2-worker-8] INFO  i.p.i.h.r.HttpLoggingFilter [payload] REMOVED @ <root> : Response Header: x-amz-apigw-id = ENMmjEX_Mu8Eh0A=
2026-09-24 15:38:11.411 [ForkJoinPool-2-worker-8] INFO  i.p.i.h.r.HttpLoggingFilter [payload] REMOVED @ <root> : Response Header: X-Correlation-Id = 06fb2a96-e3f0-4115-89f1-c78b999e57ff
2026-09-24 15:38:11.411 [ForkJoinPool-2-worker-8] INFO  i.p.i.h.r.HttpLoggingFilter [payload] REMOVED @ <root> : Response Header: x-amzn-Remapped-Date = Thu, 24 Sep 2026 13:38:11 GMT
2026-09-24 15:38:11.411 [ForkJoinPool-2-worker-8] INFO  i.p.i.h.r.HttpLoggingFilter [payload] REMOVED @ <root> : Response Body: {"type":"about:blank","title":"Bad request","status":400,"detail":"Incorrect value for body","correlationId":"06fb2a96-e3f0-4115-89f1-c78b999e57ff","errors":[{"code":"008-9999","detail":"Validation error: Required at \"name\""},{"code":"008-9999","detail":"Validation error: Required at \"intendedTarget\""},{"code":"008-9999","detail":"Validation error: Required at \"description\""},{"code":"008-9999","detail":"Validation error: Required at \"technology\""},{"code":"008-9999","detail":"Validation error: Required at \"mode\""}]}
2026-09-24 15:38:11.412 [ForkJoinPool-2-worker-2] INFO  i.p.i.h.r.HttpLoggingFilter  : Response Header: X-Rate-Limit-Interval = 1000
2026-09-24 15:38:11.412 [ForkJoinPool-2-worker-2] INFO  i.p.i.h.r.HttpLoggingFilter  : Response Header: X-Rate-Limit-Limit = 9999999
2026-09-24 15:38:11.412 [ForkJoinPool-2-worker-2] INFO  i.p.i.h.r.HttpLoggingFilter  : Response Header: x-amz-apigw-id = ENMmjEdVsu8EG9A=
2026-09-24 15:38:11.412 [ForkJoinPool-2-worker-2] INFO  i.p.i.h.r.HttpLoggingFilter  : Response Header: X-Correlation-Id = 2b95b657-61f9-4f12-a836-e458dca763ef
2026-09-24 15:38:11.412 [ForkJoinPool-2-worker-2] INFO  i.p.i.h.r.HttpLoggingFilter  : Response Header: x-amzn-Remapped-Date = Thu, 24 Sep 2026 13:38:11 GMT
2026-09-24 15:38:11.412 [ForkJoinPool-2-worker-2] INFO  i.p.i.h.r.HttpLoggingFilter  : Response Body: {"id":"1da10ac8-9f18-4057-bb1c-384155cb6b0f","versionId":"2b6ab0a9-2cac-4c03-9d7f-f0a4615dde80"}
2026-09-24 15:38:11.381 [ForkJoinPool-2-worker-5] INFO  i.p.i.h.r.HttpLoggingFilter [payload] REPLACED_WITH_NULL @ <root> : Response Header: x-amzn-Remapped-Connection = keep-alive
2026-09-24 15:38:11.415 [ForkJoinPool-2-worker-6] INFO  i.p.i.h.r.HttpLoggingFilter [payload] REMOVED @ /name : Response Header: X-Correlation-Id = d04923ba-ec8c-445f-acbc-866042df089c
2026-09-24 15:38:11.416 [ForkJoinPool-2-worker-6] INFO  i.p.i.h.r.HttpLoggingFilter [payload] REMOVED @ /name : Response Header: x-amzn-Remapped-Date = Thu, 24 Sep 2026 13:38:11 GMT
2026-09-24 15:38:11.416 [ForkJoinPool-2-worker-6] INFO  i.p.i.h.r.HttpLoggingFilter [payload] REMOVED @ /name : Response Body: {"type":"about:blank","title":"Bad request","status":400,"detail":"Incorrect value for body","correlationId":"d04923ba-ec8c-445f-acbc-866042df089c","errors":[{"code":"008-9999","detail":"Validation error: Required at \"name\""}]}
2026-09-24 15:38:11.416 [ForkJoinPool-2-worker-5] INFO  i.p.i.h.r.HttpLoggingFilter [payload] REPLACED_WITH_NULL @ <root> : Response Header: x-amz-apigw-id = ENMmjFPjMu8Ei1g=
2026-09-24 15:38:11.416 [ForkJoinPool-2-worker-5] INFO  i.p.i.h.r.HttpLoggingFilter [payload] REPLACED_WITH_NULL @ <root> : Response Header: x-amzn-Remapped-Date = Thu, 24 Sep 2026 13:38:11 GMT
2026-09-24 15:38:11.417 [ForkJoinPool-2-worker-5] INFO  i.p.i.h.r.HttpLoggingFilter [payload] REPLACED_WITH_NULL @ <root> : Response Body: {"type":"about:blank","title":"Bad request","status":400,"detail":"Invalid request body","errors":[{"code":"000-9999","detail":"Invalid request body"}]}
]]></system-out>
  </testcase>
  <testcase name="createEServiceTemplate()[2]" classname="it.pagopa.interop.suite.contract.BffEServiceTemplateContractTest" time="5.468"/>
  <testcase name="createEServiceTemplate()[13]" classname="it.pagopa.interop.suite.contract.BffEServiceTemplateContractTest" time="5.466"/>
  <testcase name="createEServiceTemplate()[1]" classname="it.pagopa.interop.suite.contract.BffEServiceTemplateContractTest" time="5.469"/>
  <testcase name="createEServiceTemplate()[4]" classname="it.pagopa.interop.suite.contract.BffEServiceTemplateContractTest" time="5.477"/>
  <testcase name="createEServiceTemplate()[6]" classname="it.pagopa.interop.suite.contract.BffEServiceTemplateContractTest" time="0.841">
    <system-out><![CDATA[2026-09-24 15:38:12.168 [ForkJoinPool-2-worker-1] INFO  i.p.i.h.r.HttpLoggingFilter [payload] REMOVED @ /version/description : Request Method: POST
2026-09-24 15:38:12.172 [ForkJoinPool-2-worker-8] INFO  i.p.i.h.r.HttpLoggingFilter [payload] REMOVED @ /intendedTarget : Request Method: POST
2026-09-24 15:38:12.174 [ForkJoinPool-2-worker-8] INFO  i.p.i.h.r.HttpLoggingFilter [payload] REMOVED @ /intendedTarget : Request URI: https://selfcare.qa.interop.pagopa.it/1.0/backend-for-frontend/eservices/templates
2026-09-24 15:38:12.174 [ForkJoinPool-2-worker-8] INFO  i.p.i.h.r.HttpLoggingFilter [payload] REMOVED @ /intendedTarget : Request Header: Authorization = Bearer eyJhbGciOiJSUzI1NiIsImtpZCI6IjE3ZDNmM2MwLTU3MzAtNDVhOS1iZThhLTY1NWU3N2JmMzU1NSIsInR5cCI6ImF0K2p3dCJ9.eyJvcmdhbml6YXRpb25JZCI6ImU3OWEyNGNkLThlZGMtNDQxZS1hZThkLWU4N2MzYWVhMDA1OSIsImF1ZCI6InFhLmludGVyb3AucGFnb3BhLml0L3VpIiwidWlkIjoiNWQ3MTdiOTctNTMwOC00OWE1LTg2ODItMTg3NjYzMjc4ZjI0IiwibmJmIjoxNzkwMjU3MDg2LCJvcmdhbml6YXRpb24iOnsibmFtZSI6IkNvbXVuZSBkaSBNaWxhbm8iLCJyb2xlcyI6W3sicm9sZSI6ImFkbWluIiwicGFydHlSb2xlIjoiTUFOQUdFUiJ9XSwiaWQiOiJlNzlhMjRjZC04ZWRjLTQ0MWUtYWU4ZC1lODdjM2FlYTAwNTkifSwiaXNzIjoicWEuaW50ZXJvcC5wYWdvcGEuaXQiLCJleHRlcm5hbElkIjp7InZhbHVlIjoiY19mMjA1Iiwib3JpZ2luIjoiSVBBIn0sInVzZXItcm9sZXMiOiJhZG1pbiIsInNlbGZjYXJlSWQiOiIwMjZlOGM3Mi03OTQ0LTRkY2QtODY2OC1mNTk2NDQ3ZmVjNmQiLCJleHAiOjE3OTAyNzE0ODYsImlhdCI6MTc5MDI1NzA4NiwianRpIjoiMWFmZDA0ODQtMjJlYi00ODQzLWFkODYtOTMzZDdjMGFiNjc1In0.mLwHbjyNToowKpClQzq967kDNWoiGlyY8WPHkuNZvp5SxP-PIh0AsbqUG7tRwsXAw971oceJDqnfzXj0X37Xv3UQ0AosbSFsSXm6xPHnEyXy4T93c1hTYj89hHvE5Q5JgfMWPdd4t-eEMaMqvaPHP2xrf-Fbi-BHHwRzH961nEYYkC14AxY4yxAZ0lK8q-p-VRV56g2SCt1E9bP8Mosjs89HyXvFhf2TsuPQXZ2TjbSprQYZDxcu94lBHRxtuFtuqu2EEciZ01ml01VjXcbEx0k5cpdDJ2APXkYymsiSQ8GgsxjjFQ7LMs7FX5C4Ccz0qcsCwsIgRKiXX_Vwt4faJQ
2026-09-24 15:38:12.175 [ForkJoinPool-2-worker-8] INFO  i.p.i.h.r.HttpLoggingFilter [payload] REMOVED @ /intendedTarget : Request Header: Accept = application/json,application/problem+json
2026-09-24 15:38:12.175 [ForkJoinPool-2-worker-8] INFO  i.p.i.h.r.HttpLoggingFilter [payload] REMOVED @ /intendedTarget : Request Header: Content-Type = application/json
2026-09-24 15:38:12.175 [ForkJoinPool-2-worker-8] INFO  i.p.i.h.r.HttpLoggingFilter [payload] REMOVED @ /intendedTarget : Request Body: {"name":"eservice-template-XUEeo033aMVtUeG","description":"description-S14o6ukA2AUC7UJ1DnGnhGgYdLelhQT2BedlIAPRFdwsQePhMu","technology":"REST","mode":"DELIVER","version":{"description":"version-description-eI9NVgP1z8zZANFXoLr5LOg6rRMpzOB5eb0","voucherLifespan":60,"dailyCallsPerConsumer":1,"dailyCallsTotal":10,"agreementApprovalPolicy":"AUTOMATIC"},"isSignalHubEnabled":false,"personalData":false,"asyncExchange":false}
2026-09-24 15:38:12.177 [ForkJoinPool-2-worker-1] INFO  i.p.i.h.r.HttpLoggingFilter [payload] REMOVED @ /version/description : Request URI: https://selfcare.qa.interop.pagopa.it/1.0/backend-for-frontend/eservices/templates
2026-09-24 15:38:12.177 [ForkJoinPool-2-worker-1] INFO  i.p.i.h.r.HttpLoggingFilter [payload] REMOVED @ /version/description : Request Header: Authorization = Bearer eyJhbGciOiJSUzI1NiIsImtpZCI6IjE3ZDNmM2MwLTU3MzAtNDVhOS1iZThhLTY1NWU3N2JmMzU1NSIsInR5cCI6ImF0K2p3dCJ9.eyJvcmdhbml6YXRpb25JZCI6ImU3OWEyNGNkLThlZGMtNDQxZS1hZThkLWU4N2MzYWVhMDA1OSIsImF1ZCI6InFhLmludGVyb3AucGFnb3BhLml0L3VpIiwidWlkIjoiNWQ3MTdiOTctNTMwOC00OWE1LTg2ODItMTg3NjYzMjc4ZjI0IiwibmJmIjoxNzkwMjU3MDg2LCJvcmdhbml6YXRpb24iOnsibmFtZSI6IkNvbXVuZSBkaSBNaWxhbm8iLCJyb2xlcyI6W3sicm9sZSI6ImFkbWluIiwicGFydHlSb2xlIjoiTUFOQUdFUiJ9XSwiaWQiOiJlNzlhMjRjZC04ZWRjLTQ0MWUtYWU4ZC1lODdjM2FlYTAwNTkifSwiaXNzIjoicWEuaW50ZXJvcC5wYWdvcGEuaXQiLCJleHRlcm5hbElkIjp7InZhbHVlIjoiY19mMjA1Iiwib3JpZ2luIjoiSVBBIn0sInVzZXItcm9sZXMiOiJhZG1pbiIsInNlbGZjYXJlSWQiOiIwMjZlOGM3Mi03OTQ0LTRkY2QtODY2OC1mNTk2NDQ3ZmVjNmQiLCJleHAiOjE3OTAyNzE0ODYsImlhdCI6MTc5MDI1NzA4NiwianRpIjoiMWFmZDA0ODQtMjJlYi00ODQzLWFkODYtOTMzZDdjMGFiNjc1In0.mLwHbjyNToowKpClQzq967kDNWoiGlyY8WPHkuNZvp5SxP-PIh0AsbqUG7tRwsXAw971oceJDqnfzXj0X37Xv3UQ0AosbSFsSXm6xPHnEyXy4T93c1hTYj89hHvE5Q5JgfMWPdd4t-eEMaMqvaPHP2xrf-Fbi-BHHwRzH961nEYYkC14AxY4yxAZ0lK8q-p-VRV56g2SCt1E9bP8Mosjs89HyXvFhf2TsuPQXZ2TjbSprQYZDxcu94lBHRxtuFtuqu2EEciZ01ml01VjXcbEx0k5cpdDJ2APXkYymsiSQ8GgsxjjFQ7LMs7FX5C4Ccz0qcsCwsIgRKiXX_Vwt4faJQ
2026-09-24 15:38:12.177 [ForkJoinPool-2-worker-7] INFO  i.p.i.h.r.HttpLoggingFilter [payload] REPLACED_WITH_NULL @ /intendedTarget : Request Method: POST
2026-09-24 15:38:12.178 [ForkJoinPool-2-worker-7] INFO  i.p.i.h.r.HttpLoggingFilter [payload] REPLACED_WITH_NULL @ /intendedTarget : Request URI: https://selfcare.qa.interop.pagopa.it/1.0/backend-for-frontend/eservices/templates
2026-09-24 15:38:12.179 [ForkJoinPool-2-worker-7] INFO  i.p.i.h.r.HttpLoggingFilter [payload] REPLACED_WITH_NULL @ /intendedTarget : Request Header: Authorization = Bearer eyJhbGciOiJSUzI1NiIsImtpZCI6IjE3ZDNmM2MwLTU3MzAtNDVhOS1iZThhLTY1NWU3N2JmMzU1NSIsInR5cCI6ImF0K2p3dCJ9.eyJvcmdhbml6YXRpb25JZCI6ImU3OWEyNGNkLThlZGMtNDQxZS1hZThkLWU4N2MzYWVhMDA1OSIsImF1ZCI6InFhLmludGVyb3AucGFnb3BhLml0L3VpIiwidWlkIjoiNWQ3MTdiOTctNTMwOC00OWE1LTg2ODItMTg3NjYzMjc4ZjI0IiwibmJmIjoxNzkwMjU3MDg2LCJvcmdhbml6YXRpb24iOnsibmFtZSI6IkNvbXVuZSBkaSBNaWxhbm8iLCJyb2xlcyI6W3sicm9sZSI6ImFkbWluIiwicGFydHlSb2xlIjoiTUFOQUdFUiJ9XSwiaWQiOiJlNzlhMjRjZC04ZWRjLTQ0MWUtYWU4ZC1lODdjM2FlYTAwNTkifSwiaXNzIjoicWEuaW50ZXJvcC5wYWdvcGEuaXQiLCJleHRlcm5hbElkIjp7InZhbHVlIjoiY19mMjA1Iiwib3JpZ2luIjoiSVBBIn0sInVzZXItcm9sZXMiOiJhZG1pbiIsInNlbGZjYXJlSWQiOiIwMjZlOGM3Mi03OTQ0LTRkY2QtODY2OC1mNTk2NDQ3ZmVjNmQiLCJleHAiOjE3OTAyNzE0ODYsImlhdCI6MTc5MDI1NzA4NiwianRpIjoiMWFmZDA0ODQtMjJlYi00ODQzLWFkODYtOTMzZDdjMGFiNjc1In0.mLwHbjyNToowKpClQzq967kDNWoiGlyY8WPHkuNZvp5SxP-PIh0AsbqUG7tRwsXAw971oceJDqnfzXj0X37Xv3UQ0AosbSFsSXm6xPHnEyXy4T93c1hTYj89hHvE5Q5JgfMWPdd4t-eEMaMqvaPHP2xrf-Fbi-BHHwRzH961nEYYkC14AxY4yxAZ0lK8q-p-VRV56g2SCt1E9bP8Mosjs89HyXvFhf2TsuPQXZ2TjbSprQYZDxcu94lBHRxtuFtuqu2EEciZ01ml01VjXcbEx0k5cpdDJ2APXkYymsiSQ8GgsxjjFQ7LMs7FX5C4Ccz0qcsCwsIgRKiXX_Vwt4faJQ
2026-09-24 15:38:12.179 [ForkJoinPool-2-worker-7] INFO  i.p.i.h.r.HttpLoggingFilter [payload] REPLACED_WITH_NULL @ /intendedTarget : Request Header: Accept = application/json,application/problem+json
2026-09-24 15:38:12.179 [ForkJoinPool-2-worker-7] INFO  i.p.i.h.r.HttpLoggingFilter [payload] REPLACED_WITH_NULL @ /intendedTarget : Request Header: Content-Type = application/json
2026-09-24 15:38:12.179 [ForkJoinPool-2-worker-7] INFO  i.p.i.h.r.HttpLoggingFilter [payload] REPLACED_WITH_NULL @ /intendedTarget : Request Body: {"name":"eservice-template-YTcMujQAAI7N0EN","intendedTarget":null,"description":"description-78JtdddN8zXuDe14fgOM5TMhGCUWBeTmbvWRGyk0BLprBf71b5","technology":"REST","mode":"DELIVER","version":{"description":"version-description-if5shap3KoilPu6r9PqdyEjjLfMGSbtyZyN","voucherLifespan":60,"dailyCallsPerConsumer":1,"dailyCallsTotal":10,"agreementApprovalPolicy":"AUTOMATIC"},"isSignalHubEnabled":false,"personalData":false,"asyncExchange":false}
2026-09-24 15:38:12.194 [ForkJoinPool-2-worker-1] INFO  i.p.i.h.r.HttpLoggingFilter [payload] REMOVED @ /version/description : Request Header: Accept = application/json,application/problem+json
2026-09-24 15:38:12.195 [ForkJoinPool-2-worker-1] INFO  i.p.i.h.r.HttpLoggingFilter [payload] REMOVED @ /version/description : Request Header: Content-Type = application/json
2026-09-24 15:38:12.196 [ForkJoinPool-2-worker-1] INFO  i.p.i.h.r.HttpLoggingFilter [payload] REMOVED @ /version/description : Request Body: {"name":"eservice-template-rZOURhq2RslcQQX","intendedTarget":"target-4rdKQHHYvJDh1LrFvwDy1AzSo4Pgzj","description":"description-JGM4EZ6iqvDajFwn4wCvtPwqXvwaLbKyGEdtLDeLeRBlfIMd1M","technology":"REST","mode":"DELIVER","version":{"voucherLifespan":60,"dailyCallsPerConsumer":1,"dailyCallsTotal":10,"agreementApprovalPolicy":"AUTOMATIC"},"isSignalHubEnabled":false,"personalData":false,"asyncExchange":false}
2026-09-24 15:38:12.237 [ForkJoinPool-2-worker-2] INFO  i.p.i.h.r.HttpLoggingFilter  : Request Method: GET
2026-09-24 15:38:12.240 [ForkJoinPool-2-worker-2] INFO  i.p.i.h.r.HttpLoggingFilter  : Request URI: https://selfcare.qa.interop.pagopa.it/1.0/backend-for-frontend/eservices/templates/1da10ac8-9f18-4057-bb1c-384155cb6b0f/versions/2b6ab0a9-2cac-4c03-9d7f-f0a4615dde80
2026-09-24 15:38:12.240 [ForkJoinPool-2-worker-2] INFO  i.p.i.h.r.HttpLoggingFilter  : Request Header: Authorization = Bearer eyJhbGciOiJSUzI1NiIsImtpZCI6IjE3ZDNmM2MwLTU3MzAtNDVhOS1iZThhLTY1NWU3N2JmMzU1NSIsInR5cCI6ImF0K2p3dCJ9.eyJvcmdhbml6YXRpb25JZCI6ImU3OWEyNGNkLThlZGMtNDQxZS1hZThkLWU4N2MzYWVhMDA1OSIsImF1ZCI6InFhLmludGVyb3AucGFnb3BhLml0L3VpIiwidWlkIjoiNWQ3MTdiOTctNTMwOC00OWE1LTg2ODItMTg3NjYzMjc4ZjI0IiwibmJmIjoxNzkwMjU3MDg2LCJvcmdhbml6YXRpb24iOnsibmFtZSI6IkNvbXVuZSBkaSBNaWxhbm8iLCJyb2xlcyI6W3sicm9sZSI6ImFkbWluIiwicGFydHlSb2xlIjoiTUFOQUdFUiJ9XSwiaWQiOiJlNzlhMjRjZC04ZWRjLTQ0MWUtYWU4ZC1lODdjM2FlYTAwNTkifSwiaXNzIjoicWEuaW50ZXJvcC5wYWdvcGEuaXQiLCJleHRlcm5hbElkIjp7InZhbHVlIjoiY19mMjA1Iiwib3JpZ2luIjoiSVBBIn0sInVzZXItcm9sZXMiOiJhZG1pbiIsInNlbGZjYXJlSWQiOiIwMjZlOGM3Mi03OTQ0LTRkY2QtODY2OC1mNTk2NDQ3ZmVjNmQiLCJleHAiOjE3OTAyNzE0ODYsImlhdCI6MTc5MDI1NzA4NiwianRpIjoiMWFmZDA0ODQtMjJlYi00ODQzLWFkODYtOTMzZDdjMGFiNjc1In0.mLwHbjyNToowKpClQzq967kDNWoiGlyY8WPHkuNZvp5SxP-PIh0AsbqUG7tRwsXAw971oceJDqnfzXj0X37Xv3UQ0AosbSFsSXm6xPHnEyXy4T93c1hTYj89hHvE5Q5JgfMWPdd4t-eEMaMqvaPHP2xrf-Fbi-BHHwRzH961nEYYkC14AxY4yxAZ0lK8q-p-VRV56g2SCt1E9bP8Mosjs89HyXvFhf2TsuPQXZ2TjbSprQYZDxcu94lBHRxtuFtuqu2EEciZ01ml01VjXcbEx0k5cpdDJ2APXkYymsiSQ8GgsxjjFQ7LMs7FX5C4Ccz0qcsCwsIgRKiXX_Vwt4faJQ
2026-09-24 15:38:12.241 [ForkJoinPool-2-worker-2] INFO  i.p.i.h.r.HttpLoggingFilter  : Request Header: Accept = application/json,application/problem+json
2026-09-24 15:38:12.699 [ForkJoinPool-2-worker-6] INFO  i.p.i.h.r.HttpLoggingFilter [payload] REPLACED_WITH_NULL @ /description : Request Method: POST
2026-09-24 15:38:12.739 [ForkJoinPool-2-worker-6] INFO  i.p.i.h.r.HttpLoggingFilter [payload] REPLACED_WITH_NULL @ /description : Request URI: https://selfcare.qa.interop.pagopa.it/1.0/backend-for-frontend/eservices/templates
2026-09-24 15:38:12.739 [ForkJoinPool-2-worker-6] INFO  i.p.i.h.r.HttpLoggingFilter [payload] REPLACED_WITH_NULL @ /description : Request Header: Authorization = Bearer eyJhbGciOiJSUzI1NiIsImtpZCI6IjE3ZDNmM2MwLTU3MzAtNDVhOS1iZThhLTY1NWU3N2JmMzU1NSIsInR5cCI6ImF0K2p3dCJ9.eyJvcmdhbml6YXRpb25JZCI6ImU3OWEyNGNkLThlZGMtNDQxZS1hZThkLWU4N2MzYWVhMDA1OSIsImF1ZCI6InFhLmludGVyb3AucGFnb3BhLml0L3VpIiwidWlkIjoiNWQ3MTdiOTctNTMwOC00OWE1LTg2ODItMTg3NjYzMjc4ZjI0IiwibmJmIjoxNzkwMjU3MDg2LCJvcmdhbml6YXRpb24iOnsibmFtZSI6IkNvbXVuZSBkaSBNaWxhbm8iLCJyb2xlcyI6W3sicm9sZSI6ImFkbWluIiwicGFydHlSb2xlIjoiTUFOQUdFUiJ9XSwiaWQiOiJlNzlhMjRjZC04ZWRjLTQ0MWUtYWU4ZC1lODdjM2FlYTAwNTkifSwiaXNzIjoicWEuaW50ZXJvcC5wYWdvcGEuaXQiLCJleHRlcm5hbElkIjp7InZhbHVlIjoiY19mMjA1Iiwib3JpZ2luIjoiSVBBIn0sInVzZXItcm9sZXMiOiJhZG1pbiIsInNlbGZjYXJlSWQiOiIwMjZlOGM3Mi03OTQ0LTRkY2QtODY2OC1mNTk2NDQ3ZmVjNmQiLCJleHAiOjE3OTAyNzE0ODYsImlhdCI6MTc5MDI1NzA4NiwianRpIjoiMWFmZDA0ODQtMjJlYi00ODQzLWFkODYtOTMzZDdjMGFiNjc1In0.mLwHbjyNToowKpClQzq967kDNWoiGlyY8WPHkuNZvp5SxP-PIh0AsbqUG7tRwsXAw971oceJDqnfzXj0X37Xv3UQ0AosbSFsSXm6xPHnEyXy4T93c1hTYj89hHvE5Q5JgfMWPdd4t-eEMaMqvaPHP2xrf-Fbi-BHHwRzH961nEYYkC14AxY4yxAZ0lK8q-p-VRV56g2SCt1E9bP8Mosjs89HyXvFhf2TsuPQXZ2TjbSprQYZDxcu94lBHRxtuFtuqu2EEciZ01ml01VjXcbEx0k5cpdDJ2APXkYymsiSQ8GgsxjjFQ7LMs7FX5C4Ccz0qcsCwsIgRKiXX_Vwt4faJQ
2026-09-24 15:38:12.740 [ForkJoinPool-2-worker-6] INFO  i.p.i.h.r.HttpLoggingFilter [payload] REPLACED_WITH_NULL @ /description : Request Header: Accept = application/json,application/problem+json
2026-09-24 15:38:12.740 [ForkJoinPool-2-worker-6] INFO  i.p.i.h.r.HttpLoggingFilter [payload] REPLACED_WITH_NULL @ /description : Request Header: Content-Type = application/json
2026-09-24 15:38:12.740 [ForkJoinPool-2-worker-6] INFO  i.p.i.h.r.HttpLoggingFilter [payload] REPLACED_WITH_NULL @ /description : Request Body: {"name":"eservice-template-OgkzGUjynz6YS3T","intendedTarget":"target-Xu6YF8tUm6fZhMlugBRDfLp6PBu1Qq","description":null,"technology":"REST","mode":"DELIVER","version":{"description":"version-description-25KxHfa9HgLFbQOZBsEvXCKsr9FlOZql3j4","voucherLifespan":60,"dailyCallsPerConsumer":1,"dailyCallsTotal":10,"agreementApprovalPolicy":"AUTOMATIC"},"isSignalHubEnabled":false,"personalData":false,"asyncExchange":false}
2026-09-24 15:38:12.775 [ForkJoinPool-2-worker-5] INFO  i.p.i.h.r.HttpLoggingFilter [payload] REMOVED @ /description : Request Method: POST
2026-09-24 15:38:12.778 [ForkJoinPool-2-worker-5] INFO  i.p.i.h.r.HttpLoggingFilter [payload] REMOVED @ /description : Request URI: https://selfcare.qa.interop.pagopa.it/1.0/backend-for-frontend/eservices/templates
2026-09-24 15:38:12.778 [ForkJoinPool-2-worker-5] INFO  i.p.i.h.r.HttpLoggingFilter [payload] REMOVED @ /description : Request Header: Authorization = Bearer eyJhbGciOiJSUzI1NiIsImtpZCI6IjE3ZDNmM2MwLTU3MzAtNDVhOS1iZThhLTY1NWU3N2JmMzU1NSIsInR5cCI6ImF0K2p3dCJ9.eyJvcmdhbml6YXRpb25JZCI6ImU3OWEyNGNkLThlZGMtNDQxZS1hZThkLWU4N2MzYWVhMDA1OSIsImF1ZCI6InFhLmludGVyb3AucGFnb3BhLml0L3VpIiwidWlkIjoiNWQ3MTdiOTctNTMwOC00OWE1LTg2ODItMTg3NjYzMjc4ZjI0IiwibmJmIjoxNzkwMjU3MDg2LCJvcmdhbml6YXRpb24iOnsibmFtZSI6IkNvbXVuZSBkaSBNaWxhbm8iLCJyb2xlcyI6W3sicm9sZSI6ImFkbWluIiwicGFydHlSb2xlIjoiTUFOQUdFUiJ9XSwiaWQiOiJlNzlhMjRjZC04ZWRjLTQ0MWUtYWU4ZC1lODdjM2FlYTAwNTkifSwiaXNzIjoicWEuaW50ZXJvcC5wYWdvcGEuaXQiLCJleHRlcm5hbElkIjp7InZhbHVlIjoiY19mMjA1Iiwib3JpZ2luIjoiSVBBIn0sInVzZXItcm9sZXMiOiJhZG1pbiIsInNlbGZjYXJlSWQiOiIwMjZlOGM3Mi03OTQ0LTRkY2QtODY2OC1mNTk2NDQ3ZmVjNmQiLCJleHAiOjE3OTAyNzE0ODYsImlhdCI6MTc5MDI1NzA4NiwianRpIjoiMWFmZDA0ODQtMjJlYi00ODQzLWFkODYtOTMzZDdjMGFiNjc1In0.mLwHbjyNToowKpClQzq967kDNWoiGlyY8WPHkuNZvp5SxP-PIh0AsbqUG7tRwsXAw971oceJDqnfzXj0X37Xv3UQ0AosbSFsSXm6xPHnEyXy4T93c1hTYj89hHvE5Q5JgfMWPdd4t-eEMaMqvaPHP2xrf-Fbi-BHHwRzH961nEYYkC14AxY4yxAZ0lK8q-p-VRV56g2SCt1E9bP8Mosjs89HyXvFhf2TsuPQXZ2TjbSprQYZDxcu94lBHRxtuFtuqu2EEciZ01ml01VjXcbEx0k5cpdDJ2APXkYymsiSQ8GgsxjjFQ7LMs7FX5C4Ccz0qcsCwsIgRKiXX_Vwt4faJQ
2026-09-24 15:38:12.779 [ForkJoinPool-2-worker-5] INFO  i.p.i.h.r.HttpLoggingFilter [payload] REMOVED @ /description : Request Header: Accept = application/json,application/problem+json
2026-09-24 15:38:12.779 [ForkJoinPool-2-worker-5] INFO  i.p.i.h.r.HttpLoggingFilter [payload] REMOVED @ /description : Request Header: Content-Type = application/json
2026-09-24 15:38:12.779 [ForkJoinPool-2-worker-5] INFO  i.p.i.h.r.HttpLoggingFilter [payload] REMOVED @ /description : Request Body: {"name":"eservice-template-Xsb2m9eEEKQNykc","intendedTarget":"target-g1M4ErDEHZ6T3lFCSUEWrpqJyKoJJL","technology":"REST","mode":"DELIVER","version":{"description":"version-description-oPUqwXg88rlCIcQ67BWs3UrdotTePiR3Sll","voucherLifespan":60,"dailyCallsPerConsumer":1,"dailyCallsTotal":10,"agreementApprovalPolicy":"AUTOMATIC"},"isSignalHubEnabled":false,"personalData":false,"asyncExchange":false}
2026-09-24 15:38:12.939 [ForkJoinPool-2-worker-8] INFO  i.p.i.h.r.HttpLoggingFilter [payload] REMOVED @ /intendedTarget : Response Status Code: 400
2026-09-24 15:38:12.939 [ForkJoinPool-2-worker-8] INFO  i.p.i.h.r.HttpLoggingFilter [payload] REMOVED @ /intendedTarget : Response Status Text: Bad Request
2026-09-24 15:38:12.939 [ForkJoinPool-2-worker-8] INFO  i.p.i.h.r.HttpLoggingFilter [payload] REMOVED @ /intendedTarget : Response Header: Date = Thu, 24 Sep 2026 13:38:12 GMT
2026-09-24 15:38:12.940 [ForkJoinPool-2-worker-8] INFO  i.p.i.h.r.HttpLoggingFilter [payload] REMOVED @ /intendedTarget : Response Header: Content-Type = application/json; charset=utf-8
2026-09-24 15:38:12.940 [ForkJoinPool-2-worker-8] INFO  i.p.i.h.r.HttpLoggingFilter [payload] REMOVED @ /intendedTarget : Response Header: Content-Length = 239
2026-09-24 15:38:12.940 [ForkJoinPool-2-worker-8] INFO  i.p.i.h.r.HttpLoggingFilter [payload] REMOVED @ /intendedTarget : Response Header: Connection = keep-alive
2026-09-24 15:38:12.940 [ForkJoinPool-2-worker-8] INFO  i.p.i.h.r.HttpLoggingFilter [payload] REMOVED @ /intendedTarget : Response Header: x-amzn-RequestId = ad721f18-6313-4730-a008-cbdfd2f6122e
2026-09-24 15:38:12.940 [ForkJoinPool-2-worker-8] INFO  i.p.i.h.r.HttpLoggingFilter [payload] REMOVED @ /intendedTarget : Response Header: x-amzn-Remapped-Content-Length = 239
2026-09-24 15:38:12.940 [ForkJoinPool-2-worker-8] INFO  i.p.i.h.r.HttpLoggingFilter [payload] REMOVED @ /intendedTarget : Response Header: X-Rate-Limit-Remaining = 9999997
2026-09-24 15:38:12.940 [ForkJoinPool-2-worker-8] INFO  i.p.i.h.r.HttpLoggingFilter [payload] REMOVED @ /intendedTarget : Response Header: x-amzn-Remapped-Connection = keep-alive
2026-09-24 15:38:12.940 [ForkJoinPool-2-worker-8] INFO  i.p.i.h.r.HttpLoggingFilter [payload] REMOVED @ /intendedTarget : Response Header: X-Rate-Limit-Interval = 1000
2026-09-24 15:38:12.941 [ForkJoinPool-2-worker-8] INFO  i.p.i.h.r.HttpLoggingFilter [payload] REMOVED @ /intendedTarget : Response Header: X-Rate-Limit-Limit = 9999999
2026-09-24 15:38:12.941 [ForkJoinPool-2-worker-8] INFO  i.p.i.h.r.HttpLoggingFilter [payload] REMOVED @ /intendedTarget : Response Header: x-amz-apigw-id = ENMm0GAJMu8EJuA=
2026-09-24 15:38:12.941 [ForkJoinPool-2-worker-8] INFO  i.p.i.h.r.HttpLoggingFilter [payload] REMOVED @ /intendedTarget : Response Header: X-Correlation-Id = da549808-10c8-4abc-83f4-7e7374e67857
2026-09-24 15:38:12.941 [ForkJoinPool-2-worker-8] INFO  i.p.i.h.r.HttpLoggingFilter [payload] REMOVED @ /intendedTarget : Response Header: x-amzn-Remapped-Date = Thu, 24 Sep 2026 13:38:12 GMT
2026-09-24 15:38:12.941 [ForkJoinPool-2-worker-8] INFO  i.p.i.h.r.HttpLoggingFilter [payload] REMOVED @ /intendedTarget : Response Body: {"type":"about:blank","title":"Bad request","status":400,"detail":"Incorrect value for body","correlationId":"da549808-10c8-4abc-83f4-7e7374e67857","errors":[{"code":"008-9999","detail":"Validation error: Required at \"intendedTarget\""}]}
]]></system-out>
  </testcase>
  <testcase name="createEServiceTemplate()[16]" classname="it.pagopa.interop.suite.contract.BffEServiceTemplateContractTest" time="1.137">
    <system-out><![CDATA[2026-09-24 15:38:12.996 [ForkJoinPool-2-worker-8] INFO  i.p.i.h.r.HttpLoggingFilter [payload] REPLACED_WITH_NULL @ /technology : Request Method: POST
2026-09-24 15:38:13.001 [ForkJoinPool-2-worker-8] INFO  i.p.i.h.r.HttpLoggingFilter [payload] REPLACED_WITH_NULL @ /technology : Request URI: https://selfcare.qa.interop.pagopa.it/1.0/backend-for-frontend/eservices/templates
2026-09-24 15:38:13.002 [ForkJoinPool-2-worker-8] INFO  i.p.i.h.r.HttpLoggingFilter [payload] REPLACED_WITH_NULL @ /technology : Request Header: Authorization = Bearer eyJhbGciOiJSUzI1NiIsImtpZCI6IjE3ZDNmM2MwLTU3MzAtNDVhOS1iZThhLTY1NWU3N2JmMzU1NSIsInR5cCI6ImF0K2p3dCJ9.eyJvcmdhbml6YXRpb25JZCI6ImU3OWEyNGNkLThlZGMtNDQxZS1hZThkLWU4N2MzYWVhMDA1OSIsImF1ZCI6InFhLmludGVyb3AucGFnb3BhLml0L3VpIiwidWlkIjoiNWQ3MTdiOTctNTMwOC00OWE1LTg2ODItMTg3NjYzMjc4ZjI0IiwibmJmIjoxNzkwMjU3MDg2LCJvcmdhbml6YXRpb24iOnsibmFtZSI6IkNvbXVuZSBkaSBNaWxhbm8iLCJyb2xlcyI6W3sicm9sZSI6ImFkbWluIiwicGFydHlSb2xlIjoiTUFOQUdFUiJ9XSwiaWQiOiJlNzlhMjRjZC04ZWRjLTQ0MWUtYWU4ZC1lODdjM2FlYTAwNTkifSwiaXNzIjoicWEuaW50ZXJvcC5wYWdvcGEuaXQiLCJleHRlcm5hbElkIjp7InZhbHVlIjoiY19mMjA1Iiwib3JpZ2luIjoiSVBBIn0sInVzZXItcm9sZXMiOiJhZG1pbiIsInNlbGZjYXJlSWQiOiIwMjZlOGM3Mi03OTQ0LTRkY2QtODY2OC1mNTk2NDQ3ZmVjNmQiLCJleHAiOjE3OTAyNzE0ODYsImlhdCI6MTc5MDI1NzA4NiwianRpIjoiMWFmZDA0ODQtMjJlYi00ODQzLWFkODYtOTMzZDdjMGFiNjc1In0.mLwHbjyNToowKpClQzq967kDNWoiGlyY8WPHkuNZvp5SxP-PIh0AsbqUG7tRwsXAw971oceJDqnfzXj0X37Xv3UQ0AosbSFsSXm6xPHnEyXy4T93c1hTYj89hHvE5Q5JgfMWPdd4t-eEMaMqvaPHP2xrf-Fbi-BHHwRzH961nEYYkC14AxY4yxAZ0lK8q-p-VRV56g2SCt1E9bP8Mosjs89HyXvFhf2TsuPQXZ2TjbSprQYZDxcu94lBHRxtuFtuqu2EEciZ01ml01VjXcbEx0k5cpdDJ2APXkYymsiSQ8GgsxjjFQ7LMs7FX5C4Ccz0qcsCwsIgRKiXX_Vwt4faJQ
2026-09-24 15:38:13.002 [ForkJoinPool-2-worker-8] INFO  i.p.i.h.r.HttpLoggingFilter [payload] REPLACED_WITH_NULL @ /technology : Request Header: Accept = application/json,application/problem+json
2026-09-24 15:38:13.002 [ForkJoinPool-2-worker-8] INFO  i.p.i.h.r.HttpLoggingFilter [payload] REPLACED_WITH_NULL @ /technology : Request Header: Content-Type = application/json
2026-09-24 15:38:13.003 [ForkJoinPool-2-worker-8] INFO  i.p.i.h.r.HttpLoggingFilter [payload] REPLACED_WITH_NULL @ /technology : Request Body: {"name":"eservice-template-lXtdEg8rNiX5waQ","intendedTarget":"target-F1EtoKwfeuUlpfRNQ1QAzzEl0B7lvz","description":"description-OfEsJ69ahv91R2isNiBteQOetjrolGxmSNwjVMhFTP4eG2RLUS","technology":null,"mode":"DELIVER","version":{"description":"version-description-MzEXFY1VirNFEJ5X80bRP2O8UJeQsskJEgG","voucherLifespan":60,"dailyCallsPerConsumer":1,"dailyCallsTotal":10,"agreementApprovalPolicy":"AUTOMATIC"},"isSignalHubEnabled":false,"personalData":false,"asyncExchange":false}
2026-09-24 15:38:13.068 [ForkJoinPool-2-worker-4] INFO  i.p.i.h.r.HttpLoggingFilter  : Request Method: GET
2026-09-24 15:38:13.079 [ForkJoinPool-2-worker-4] INFO  i.p.i.h.r.HttpLoggingFilter  : Request URI: https://selfcare.qa.interop.pagopa.it/1.0/backend-for-frontend/eservices/templates/183201ec-96ec-4b92-988d-c44376497e28/versions/7f1f6e4e-c150-416c-8108-988bd8734358
2026-09-24 15:38:13.084 [ForkJoinPool-2-worker-4] INFO  i.p.i.h.r.HttpLoggingFilter  : Request Header: Authorization = Bearer eyJhbGciOiJSUzI1NiIsImtpZCI6IjE3ZDNmM2MwLTU3MzAtNDVhOS1iZThhLTY1NWU3N2JmMzU1NSIsInR5cCI6ImF0K2p3dCJ9.eyJvcmdhbml6YXRpb25JZCI6ImU3OWEyNGNkLThlZGMtNDQxZS1hZThkLWU4N2MzYWVhMDA1OSIsImF1ZCI6InFhLmludGVyb3AucGFnb3BhLml0L3VpIiwidWlkIjoiNWQ3MTdiOTctNTMwOC00OWE1LTg2ODItMTg3NjYzMjc4ZjI0IiwibmJmIjoxNzkwMjU3MDg2LCJvcmdhbml6YXRpb24iOnsibmFtZSI6IkNvbXVuZSBkaSBNaWxhbm8iLCJyb2xlcyI6W3sicm9sZSI6ImFkbWluIiwicGFydHlSb2xlIjoiTUFOQUdFUiJ9XSwiaWQiOiJlNzlhMjRjZC04ZWRjLTQ0MWUtYWU4ZC1lODdjM2FlYTAwNTkifSwiaXNzIjoicWEuaW50ZXJvcC5wYWdvcGEuaXQiLCJleHRlcm5hbElkIjp7InZhbHVlIjoiY19mMjA1Iiwib3JpZ2luIjoiSVBBIn0sInVzZXItcm9sZXMiOiJhZG1pbiIsInNlbGZjYXJlSWQiOiIwMjZlOGM3Mi03OTQ0LTRkY2QtODY2OC1mNTk2NDQ3ZmVjNmQiLCJleHAiOjE3OTAyNzE0ODYsImlhdCI6MTc5MDI1NzA4NiwianRpIjoiMWFmZDA0ODQtMjJlYi00ODQzLWFkODYtOTMzZDdjMGFiNjc1In0.mLwHbjyNToowKpClQzq967kDNWoiGlyY8WPHkuNZvp5SxP-PIh0AsbqUG7tRwsXAw971oceJDqnfzXj0X37Xv3UQ0AosbSFsSXm6xPHnEyXy4T93c1hTYj89hHvE5Q5JgfMWPdd4t-eEMaMqvaPHP2xrf-Fbi-BHHwRzH961nEYYkC14AxY4yxAZ0lK8q-p-VRV56g2SCt1E9bP8Mosjs89HyXvFhf2TsuPQXZ2TjbSprQYZDxcu94lBHRxtuFtuqu2EEciZ01ml01VjXcbEx0k5cpdDJ2APXkYymsiSQ8GgsxjjFQ7LMs7FX5C4Ccz0qcsCwsIgRKiXX_Vwt4faJQ
2026-09-24 15:38:13.087 [ForkJoinPool-2-worker-4] INFO  i.p.i.h.r.HttpLoggingFilter  : Request Header: Accept = application/json,application/problem+json
2026-09-24 15:38:13.172 [ForkJoinPool-2-worker-3] INFO  i.p.i.h.r.HttpLoggingFilter  : Request Method: GET
2026-09-24 15:38:13.177 [ForkJoinPool-2-worker-3] INFO  i.p.i.h.r.HttpLoggingFilter  : Request URI: https://selfcare.qa.interop.pagopa.it/1.0/backend-for-frontend/eservices/templates/630b5294-a7ee-4ae6-8593-36d4d6e21297/versions/4035028c-83db-47d8-b51f-ac5ef60bb3ca
2026-09-24 15:38:13.177 [ForkJoinPool-2-worker-3] INFO  i.p.i.h.r.HttpLoggingFilter  : Request Header: Authorization = Bearer eyJhbGciOiJSUzI1NiIsImtpZCI6IjE3ZDNmM2MwLTU3MzAtNDVhOS1iZThhLTY1NWU3N2JmMzU1NSIsInR5cCI6ImF0K2p3dCJ9.eyJvcmdhbml6YXRpb25JZCI6ImU3OWEyNGNkLThlZGMtNDQxZS1hZThkLWU4N2MzYWVhMDA1OSIsImF1ZCI6InFhLmludGVyb3AucGFnb3BhLml0L3VpIiwidWlkIjoiNWQ3MTdiOTctNTMwOC00OWE1LTg2ODItMTg3NjYzMjc4ZjI0IiwibmJmIjoxNzkwMjU3MDg2LCJvcmdhbml6YXRpb24iOnsibmFtZSI6IkNvbXVuZSBkaSBNaWxhbm8iLCJyb2xlcyI6W3sicm9sZSI6ImFkbWluIiwicGFydHlSb2xlIjoiTUFOQUdFUiJ9XSwiaWQiOiJlNzlhMjRjZC04ZWRjLTQ0MWUtYWU4ZC1lODdjM2FlYTAwNTkifSwiaXNzIjoicWEuaW50ZXJvcC5wYWdvcGEuaXQiLCJleHRlcm5hbElkIjp7InZhbHVlIjoiY19mMjA1Iiwib3JpZ2luIjoiSVBBIn0sInVzZXItcm9sZXMiOiJhZG1pbiIsInNlbGZjYXJlSWQiOiIwMjZlOGM3Mi03OTQ0LTRkY2QtODY2OC1mNTk2NDQ3ZmVjNmQiLCJleHAiOjE3OTAyNzE0ODYsImlhdCI6MTc5MDI1NzA4NiwianRpIjoiMWFmZDA0ODQtMjJlYi00ODQzLWFkODYtOTMzZDdjMGFiNjc1In0.mLwHbjyNToowKpClQzq967kDNWoiGlyY8WPHkuNZvp5SxP-PIh0AsbqUG7tRwsXAw971oceJDqnfzXj0X37Xv3UQ0AosbSFsSXm6xPHnEyXy4T93c1hTYj89hHvE5Q5JgfMWPdd4t-eEMaMqvaPHP2xrf-Fbi-BHHwRzH961nEYYkC14AxY4yxAZ0lK8q-p-VRV56g2SCt1E9bP8Mosjs89HyXvFhf2TsuPQXZ2TjbSprQYZDxcu94lBHRxtuFtuqu2EEciZ01ml01VjXcbEx0k5cpdDJ2APXkYymsiSQ8GgsxjjFQ7LMs7FX5C4Ccz0qcsCwsIgRKiXX_Vwt4faJQ
2026-09-24 15:38:13.178 [ForkJoinPool-2-worker-3] INFO  i.p.i.h.r.HttpLoggingFilter  : Request Header: Accept = application/json,application/problem+json
2026-09-24 15:38:13.239 [ForkJoinPool-2-worker-1] INFO  i.p.i.h.r.HttpLoggingFilter [payload] REMOVED @ /version/description : Response Status Code: 400
2026-09-24 15:38:13.239 [ForkJoinPool-2-worker-1] INFO  i.p.i.h.r.HttpLoggingFilter [payload] REMOVED @ /version/description : Response Status Text: Bad Request
[...]
2026-09-24 15:38:18.483 [ForkJoinPool-2-worker-2] INFO  i.p.i.h.r.HttpLoggingFilter [payload] REPLACED_WITH_WRONG_TYPE_NUMBER @ /personalData : Request Header: Accept = application/json,application/problem+json
2026-09-24 15:38:18.483 [ForkJoinPool-2-worker-2] INFO  i.p.i.h.r.HttpLoggingFilter [payload] REPLACED_WITH_WRONG_TYPE_NUMBER @ /personalData : Request Header: Content-Type = application/json
2026-09-24 15:38:18.483 [ForkJoinPool-2-worker-2] INFO  i.p.i.h.r.HttpLoggingFilter [payload] REPLACED_WITH_WRONG_TYPE_NUMBER @ /personalData : Request Body: {"name":"eservice-template-wmYM1rmurLnPGgx","intendedTarget":"target-mKE2MaqEr8OhtLuOB1MgjLdzx6wWT2","description":"description-M8Q02E8ytAZUc9mc86O4o4knhAX8oGk1vOyCHoVyi4H0Rx31Ru","technology":"REST","mode":"DELIVER","version":{"description":"version-description-70QZjJpjaUFtd0r4g8Nplp3Pw6efw8JWm8K","voucherLifespan":60,"dailyCallsPerConsumer":1,"dailyCallsTotal":10,"agreementApprovalPolicy":"AUTOMATIC"},"isSignalHubEnabled":false,"personalData":1,"asyncExchange":false}
2026-09-24 15:38:18.524 [ForkJoinPool-2-worker-8] INFO  i.p.i.h.r.HttpLoggingFilter [payload] REPLACED_WITH_EMPTY_STRING @ /version/agreementApprovalPolicy : Response Status Code: 400
2026-09-24 15:38:18.524 [ForkJoinPool-2-worker-8] INFO  i.p.i.h.r.HttpLoggingFilter [payload] REPLACED_WITH_EMPTY_STRING @ /version/agreementApprovalPolicy : Response Status Text: Bad Request
2026-09-24 15:38:18.524 [ForkJoinPool-2-worker-8] INFO  i.p.i.h.r.HttpLoggingFilter [payload] REPLACED_WITH_EMPTY_STRING @ /version/agreementApprovalPolicy : Response Header: Date = Thu, 24 Sep 2026 13:38:18 GMT
2026-09-24 15:38:18.524 [ForkJoinPool-2-worker-8] INFO  i.p.i.h.r.HttpLoggingFilter [payload] REPLACED_WITH_EMPTY_STRING @ /version/agreementApprovalPolicy : Response Header: Content-Type = application/json; charset=utf-8
2026-09-24 15:38:18.524 [ForkJoinPool-2-worker-8] INFO  i.p.i.h.r.HttpLoggingFilter [payload] REPLACED_WITH_EMPTY_STRING @ /version/agreementApprovalPolicy : Response Header: Content-Length = 312
2026-09-24 15:38:18.524 [ForkJoinPool-2-worker-8] INFO  i.p.i.h.r.HttpLoggingFilter [payload] REPLACED_WITH_EMPTY_STRING @ /version/agreementApprovalPolicy : Response Header: Connection = keep-alive
2026-09-24 15:38:18.524 [ForkJoinPool-2-worker-8] INFO  i.p.i.h.r.HttpLoggingFilter [payload] REPLACED_WITH_EMPTY_STRING @ /version/agreementApprovalPolicy : Response Header: x-amzn-RequestId = f9e38a15-301b-45cf-aa3f-248f3ac223df
2026-09-24 15:38:18.524 [ForkJoinPool-2-worker-8] INFO  i.p.i.h.r.HttpLoggingFilter [payload] REPLACED_WITH_EMPTY_STRING @ /version/agreementApprovalPolicy : Response Header: x-amzn-Remapped-Content-Length = 312
2026-09-24 15:38:18.524 [ForkJoinPool-2-worker-8] INFO  i.p.i.h.r.HttpLoggingFilter [payload] REPLACED_WITH_EMPTY_STRING @ /version/agreementApprovalPolicy : Response Header: X-Rate-Limit-Remaining = 9999983
2026-09-24 15:38:18.524 [ForkJoinPool-2-worker-8] INFO  i.p.i.h.r.HttpLoggingFilter [payload] REPLACED_WITH_EMPTY_STRING @ /version/agreementApprovalPolicy : Response Header: x-amzn-Remapped-Connection = keep-alive
2026-09-24 15:38:18.524 [ForkJoinPool-2-worker-8] INFO  i.p.i.h.r.HttpLoggingFilter [payload] REPLACED_WITH_EMPTY_STRING @ /version/agreementApprovalPolicy : Response Header: X-Rate-Limit-Interval = 1000
2026-09-24 15:38:18.524 [ForkJoinPool-2-worker-8] INFO  i.p.i.h.r.HttpLoggingFilter [payload] REPLACED_WITH_EMPTY_STRING @ /version/agreementApprovalPolicy : Response Header: X-Rate-Limit-Limit = 9999999
2026-09-24 15:38:18.524 [ForkJoinPool-2-worker-8] INFO  i.p.i.h.r.HttpLoggingFilter [payload] REPLACED_WITH_EMPTY_STRING @ /version/agreementApprovalPolicy : Response Header: x-amz-apigw-id = ENMnsEcKsu8EhAw=
2026-09-24 15:38:18.524 [ForkJoinPool-2-worker-8] INFO  i.p.i.h.r.HttpLoggingFilter [payload] REPLACED_WITH_EMPTY_STRING @ /version/agreementApprovalPolicy : Response Header: X-Correlation-Id = 807649cc-d3b0-42ce-9eaf-42a7d029a432
2026-09-24 15:38:18.524 [ForkJoinPool-2-worker-8] INFO  i.p.i.h.r.HttpLoggingFilter [payload] REPLACED_WITH_EMPTY_STRING @ /version/agreementApprovalPolicy : Response Header: x-amzn-Remapped-Date = Thu, 24 Sep 2026 13:38:18 GMT
2026-09-24 15:38:18.524 [ForkJoinPool-2-worker-8] INFO  i.p.i.h.r.HttpLoggingFilter [payload] REPLACED_WITH_EMPTY_STRING @ /version/agreementApprovalPolicy : Response Body: {"type":"about:blank","title":"Bad request","status":400,"detail":"Incorrect value for body","correlationId":"807649cc-d3b0-42ce-9eaf-42a7d029a432","errors":[{"code":"008-9999","detail":"Validation error: Invalid enum value. Expected 'AUTOMATIC' | 'MANUAL', received '' at \"version.agreementApprovalPolicy\""}]}
]]></system-out>
  </testcase>
  <testcase name="createEServiceTemplate()[90]" classname="it.pagopa.interop.suite.contract.BffEServiceTemplateContractTest" time="0.278">
    <system-out><![CDATA[2026-09-24 15:38:18.712 [ForkJoinPool-2-worker-4] INFO  i.p.i.h.r.HttpLoggingFilter [payload] REPLACED_WITH_WRONG_TYPE_NUMBER @ /asyncExchange : Response Status Code: 400
2026-09-24 15:38:18.713 [ForkJoinPool-2-worker-4] INFO  i.p.i.h.r.HttpLoggingFilter [payload] REPLACED_WITH_WRONG_TYPE_NUMBER @ /asyncExchange : Response Status Text: Bad Request
2026-09-24 15:38:18.713 [ForkJoinPool-2-worker-4] INFO  i.p.i.h.r.HttpLoggingFilter [payload] REPLACED_WITH_WRONG_TYPE_NUMBER @ /asyncExchange : Response Header: Date = Thu, 24 Sep 2026 13:38:18 GMT
2026-09-24 15:38:18.713 [ForkJoinPool-2-worker-4] INFO  i.p.i.h.r.HttpLoggingFilter [payload] REPLACED_WITH_WRONG_TYPE_NUMBER @ /asyncExchange : Response Header: Content-Type = application/json; charset=utf-8
2026-09-24 15:38:18.713 [ForkJoinPool-2-worker-4] INFO  i.p.i.h.r.HttpLoggingFilter [payload] REPLACED_WITH_WRONG_TYPE_NUMBER @ /asyncExchange : Response Header: Content-Length = 263
2026-09-24 15:38:18.713 [ForkJoinPool-2-worker-4] INFO  i.p.i.h.r.HttpLoggingFilter [payload] REPLACED_WITH_WRONG_TYPE_NUMBER @ /asyncExchange : Response Header: Connection = keep-alive
2026-09-24 15:38:18.713 [ForkJoinPool-2-worker-4] INFO  i.p.i.h.r.HttpLoggingFilter [payload] REPLACED_WITH_WRONG_TYPE_NUMBER @ /asyncExchange : Response Header: x-amzn-RequestId = 959ed490-3402-41c4-8b62-dbb71de7a867
2026-09-24 15:38:18.713 [ForkJoinPool-2-worker-4] INFO  i.p.i.h.r.HttpLoggingFilter [payload] REPLACED_WITH_WRONG_TYPE_NUMBER @ /asyncExchange : Response Header: x-amzn-Remapped-Content-Length = 263
2026-09-24 15:38:18.713 [ForkJoinPool-2-worker-4] INFO  i.p.i.h.r.HttpLoggingFilter [payload] REPLACED_WITH_WRONG_TYPE_NUMBER @ /asyncExchange : Response Header: X-Rate-Limit-Remaining = 9999982
2026-09-24 15:38:18.713 [ForkJoinPool-2-worker-4] INFO  i.p.i.h.r.HttpLoggingFilter [payload] REPLACED_WITH_WRONG_TYPE_NUMBER @ /asyncExchange : Response Header: x-amzn-Remapped-Connection = keep-alive
2026-09-24 15:38:18.713 [ForkJoinPool-2-worker-4] INFO  i.p.i.h.r.HttpLoggingFilter [payload] REPLACED_WITH_WRONG_TYPE_NUMBER @ /asyncExchange : Response Header: X-Rate-Limit-Interval = 1000
2026-09-24 15:38:18.713 [ForkJoinPool-2-worker-4] INFO  i.p.i.h.r.HttpLoggingFilter [payload] REPLACED_WITH_WRONG_TYPE_NUMBER @ /asyncExchange : Response Header: X-Rate-Limit-Limit = 9999999
2026-09-24 15:38:18.713 [ForkJoinPool-2-worker-4] INFO  i.p.i.h.r.HttpLoggingFilter [payload] REPLACED_WITH_WRONG_TYPE_NUMBER @ /asyncExchange : Response Header: x-amz-apigw-id = ENMnuF1SMu8EOJg=
2026-09-24 15:38:18.713 [ForkJoinPool-2-worker-4] INFO  i.p.i.h.r.HttpLoggingFilter [payload] REPLACED_WITH_WRONG_TYPE_NUMBER @ /asyncExchange : Response Header: X-Correlation-Id = dde33510-f12a-4807-ad43-7dd16328a252
2026-09-24 15:38:18.713 [ForkJoinPool-2-worker-4] INFO  i.p.i.h.r.HttpLoggingFilter [payload] REPLACED_WITH_WRONG_TYPE_NUMBER @ /asyncExchange : Response Header: x-amzn-Remapped-Date = Thu, 24 Sep 2026 13:38:18 GMT
2026-09-24 15:38:18.713 [ForkJoinPool-2-worker-4] INFO  i.p.i.h.r.HttpLoggingFilter [payload] REPLACED_WITH_WRONG_TYPE_NUMBER @ /asyncExchange : Response Body: {"type":"about:blank","title":"Bad request","status":400,"detail":"Incorrect value for body","correlationId":"dde33510-f12a-4807-ad43-7dd16328a252","errors":[{"code":"008-9999","detail":"Validation error: Expected boolean, received number at \"asyncExchange\""}]}
2026-09-24 15:38:18.714 [ForkJoinPool-2-worker-9] INFO  i.p.i.h.r.HttpLoggingFilter [payload] REPLACED_WITH_WRONG_TYPE_STRING @ /asyncExchange : Response Status Code: 400
2026-09-24 15:38:18.714 [ForkJoinPool-2-worker-9] INFO  i.p.i.h.r.HttpLoggingFilter [payload] REPLACED_WITH_WRONG_TYPE_STRING @ /asyncExchange : Response Status Text: Bad Request
2026-09-24 15:38:18.714 [ForkJoinPool-2-worker-9] INFO  i.p.i.h.r.HttpLoggingFilter [payload] REPLACED_WITH_WRONG_TYPE_STRING @ /asyncExchange : Response Header: Date = Thu, 24 Sep 2026 13:38:18 GMT
2026-09-24 15:38:18.714 [ForkJoinPool-2-worker-9] INFO  i.p.i.h.r.HttpLoggingFilter [payload] REPLACED_WITH_WRONG_TYPE_STRING @ /asyncExchange : Response Header: Content-Type = application/json; charset=utf-8
2026-09-24 15:38:18.714 [ForkJoinPool-2-worker-9] INFO  i.p.i.h.r.HttpLoggingFilter [payload] REPLACED_WITH_WRONG_TYPE_STRING @ /asyncExchange : Response Header: Content-Length = 263
2026-09-24 15:38:18.714 [ForkJoinPool-2-worker-9] INFO  i.p.i.h.r.HttpLoggingFilter [payload] REPLACED_WITH_WRONG_TYPE_STRING @ /asyncExchange : Response Header: Connection = keep-alive
2026-09-24 15:38:18.714 [ForkJoinPool-2-worker-9] INFO  i.p.i.h.r.HttpLoggingFilter [payload] REPLACED_WITH_WRONG_TYPE_STRING @ /asyncExchange : Response Header: x-amzn-RequestId = 42516731-02e9-4319-abb2-5e5247b6e9df
2026-09-24 15:38:18.714 [ForkJoinPool-2-worker-9] INFO  i.p.i.h.r.HttpLoggingFilter [payload] REPLACED_WITH_WRONG_TYPE_STRING @ /asyncExchange : Response Header: x-amzn-Remapped-Content-Length = 263
2026-09-24 15:38:18.714 [ForkJoinPool-2-worker-9] INFO  i.p.i.h.r.HttpLoggingFilter [payload] REPLACED_WITH_WRONG_TYPE_STRING @ /asyncExchange : Response Header: X-Rate-Limit-Remaining = 9999981
2026-09-24 15:38:18.714 [ForkJoinPool-2-worker-9] INFO  i.p.i.h.r.HttpLoggingFilter [payload] REPLACED_WITH_WRONG_TYPE_STRING @ /asyncExchange : Response Header: x-amzn-Remapped-Connection = keep-alive
2026-09-24 15:38:18.714 [ForkJoinPool-2-worker-9] INFO  i.p.i.h.r.HttpLoggingFilter [payload] REPLACED_WITH_WRONG_TYPE_STRING @ /asyncExchange : Response Header: X-Rate-Limit-Interval = 1000
2026-09-24 15:38:18.714 [ForkJoinPool-2-worker-9] INFO  i.p.i.h.r.HttpLoggingFilter [payload] REPLACED_WITH_WRONG_TYPE_STRING @ /asyncExchange : Response Header: X-Rate-Limit-Limit = 9999999
2026-09-24 15:38:18.714 [ForkJoinPool-2-worker-9] INFO  i.p.i.h.r.HttpLoggingFilter [payload] REPLACED_WITH_WRONG_TYPE_STRING @ /asyncExchange : Response Header: x-amz-apigw-id = ENMnuF91Mu8EEsg=
2026-09-24 15:38:18.714 [ForkJoinPool-2-worker-9] INFO  i.p.i.h.r.HttpLoggingFilter [payload] REPLACED_WITH_WRONG_TYPE_STRING @ /asyncExchange : Response Header: X-Correlation-Id = aa7336a1-88e1-4b8e-984e-468f15cb5658
2026-09-24 15:38:18.714 [ForkJoinPool-2-worker-9] INFO  i.p.i.h.r.HttpLoggingFilter [payload] REPLACED_WITH_WRONG_TYPE_STRING @ /asyncExchange : Response Header: x-amzn-Remapped-Date = Thu, 24 Sep 2026 13:38:18 GMT
2026-09-24 15:38:18.714 [ForkJoinPool-2-worker-9] INFO  i.p.i.h.r.HttpLoggingFilter [payload] REPLACED_WITH_WRONG_TYPE_STRING @ /asyncExchange : Response Body: {"type":"about:blank","title":"Bad request","status":400,"detail":"Incorrect value for body","correlationId":"aa7336a1-88e1-4b8e-984e-468f15cb5658","errors":[{"code":"008-9999","detail":"Validation error: Expected boolean, received string at \"asyncExchange\""}]}
]]></system-out>
  </testcase>
  <testcase name="createEServiceTemplate()[91]" classname="it.pagopa.interop.suite.contract.BffEServiceTemplateContractTest" time="0.274"/>
  <testcase name="createEServiceTemplate()[89]" classname="it.pagopa.interop.suite.contract.BffEServiceTemplateContractTest" time="0.316">
    <system-out><![CDATA[2026-09-24 15:38:18.751 [ForkJoinPool-2-worker-2] INFO  i.p.i.h.r.HttpLoggingFilter [payload] REPLACED_WITH_WRONG_TYPE_NUMBER @ /personalData : Response Status Code: 400
2026-09-24 15:38:18.751 [ForkJoinPool-2-worker-2] INFO  i.p.i.h.r.HttpLoggingFilter [payload] REPLACED_WITH_WRONG_TYPE_NUMBER @ /personalData : Response Status Text: Bad Request
2026-09-24 15:38:18.751 [ForkJoinPool-2-worker-2] INFO  i.p.i.h.r.HttpLoggingFilter [payload] REPLACED_WITH_WRONG_TYPE_NUMBER @ /personalData : Response Header: Date = Thu, 24 Sep 2026 13:38:18 GMT
2026-09-24 15:38:18.751 [ForkJoinPool-2-worker-2] INFO  i.p.i.h.r.HttpLoggingFilter [payload] REPLACED_WITH_WRONG_TYPE_NUMBER @ /personalData : Response Header: Content-Type = application/json; charset=utf-8
2026-09-24 15:38:18.751 [ForkJoinPool-2-worker-2] INFO  i.p.i.h.r.HttpLoggingFilter [payload] REPLACED_WITH_WRONG_TYPE_NUMBER @ /personalData : Response Header: Content-Length = 262
2026-09-24 15:38:18.751 [ForkJoinPool-2-worker-2] INFO  i.p.i.h.r.HttpLoggingFilter [payload] REPLACED_WITH_WRONG_TYPE_NUMBER @ /personalData : Response Header: Connection = keep-alive
2026-09-24 15:38:18.751 [ForkJoinPool-2-worker-2] INFO  i.p.i.h.r.HttpLoggingFilter [payload] REPLACED_WITH_WRONG_TYPE_NUMBER @ /personalData : Response Header: x-amzn-RequestId = cdd9f934-f16b-4dfb-96fa-c07f7e60733a
2026-09-24 15:38:18.751 [ForkJoinPool-2-worker-2] INFO  i.p.i.h.r.HttpLoggingFilter [payload] REPLACED_WITH_WRONG_TYPE_NUMBER @ /personalData : Response Header: x-amzn-Remapped-Content-Length = 262
2026-09-24 15:38:18.751 [ForkJoinPool-2-worker-2] INFO  i.p.i.h.r.HttpLoggingFilter [payload] REPLACED_WITH_WRONG_TYPE_NUMBER @ /personalData : Response Header: X-Rate-Limit-Remaining = 9999980
2026-09-24 15:38:18.751 [ForkJoinPool-2-worker-2] INFO  i.p.i.h.r.HttpLoggingFilter [payload] REPLACED_WITH_WRONG_TYPE_NUMBER @ /personalData : Response Header: x-amzn-Remapped-Connection = keep-alive
2026-09-24 15:38:18.751 [ForkJoinPool-2-worker-2] INFO  i.p.i.h.r.HttpLoggingFilter [payload] REPLACED_WITH_WRONG_TYPE_NUMBER @ /personalData : Response Header: X-Rate-Limit-Interval = 1000
2026-09-24 15:38:18.751 [ForkJoinPool-2-worker-2] INFO  i.p.i.h.r.HttpLoggingFilter [payload] REPLACED_WITH_WRONG_TYPE_NUMBER @ /personalData : Response Header: X-Rate-Limit-Limit = 9999999
2026-09-24 15:38:18.751 [ForkJoinPool-2-worker-2] INFO  i.p.i.h.r.HttpLoggingFilter [payload] REPLACED_WITH_WRONG_TYPE_NUMBER @ /personalData : Response Header: x-amz-apigw-id = ENMnvE0GMu8EBQA=
2026-09-24 15:38:18.751 [ForkJoinPool-2-worker-2] INFO  i.p.i.h.r.HttpLoggingFilter [payload] REPLACED_WITH_WRONG_TYPE_NUMBER @ /personalData : Response Header: X-Correlation-Id = 247652d2-1acb-4515-acd4-2bd8761297f5
2026-09-24 15:38:18.752 [ForkJoinPool-2-worker-2] INFO  i.p.i.h.r.HttpLoggingFilter [payload] REPLACED_WITH_WRONG_TYPE_NUMBER @ /personalData : Response Header: x-amzn-Remapped-Date = Thu, 24 Sep 2026 13:38:18 GMT
2026-09-24 15:38:18.752 [ForkJoinPool-2-worker-2] INFO  i.p.i.h.r.HttpLoggingFilter [payload] REPLACED_WITH_WRONG_TYPE_NUMBER @ /personalData : Response Body: {"type":"about:blank","title":"Bad request","status":400,"detail":"Incorrect value for body","correlationId":"247652d2-1acb-4515-acd4-2bd8761297f5","errors":[{"code":"008-9999","detail":"Validation error: Expected boolean, received number at \"personalData\""}]}
]]></system-out>
  </testcase>
  <testcase name="createEServiceTemplate()[88]" classname="it.pagopa.interop.suite.contract.BffEServiceTemplateContractTest" time="0.363">
    <system-out><![CDATA[2026-09-24 15:38:18.763 [ForkJoinPool-2-worker-7] INFO  i.p.i.h.r.HttpLoggingFilter [payload] REPLACED_WITH_WRONG_TYPE_STRING @ /personalData : Response Status Code: 400
2026-09-24 15:38:18.763 [ForkJoinPool-2-worker-7] INFO  i.p.i.h.r.HttpLoggingFilter [payload] REPLACED_WITH_WRONG_TYPE_STRING @ /personalData : Response Status Text: Bad Request
2026-09-24 15:38:18.763 [ForkJoinPool-2-worker-7] INFO  i.p.i.h.r.HttpLoggingFilter [payload] REPLACED_WITH_WRONG_TYPE_STRING @ /personalData : Response Header: Date = Thu, 24 Sep 2026 13:38:18 GMT
2026-09-24 15:38:18.763 [ForkJoinPool-2-worker-7] INFO  i.p.i.h.r.HttpLoggingFilter [payload] REPLACED_WITH_WRONG_TYPE_STRING @ /personalData : Response Header: Content-Type = application/json; charset=utf-8
2026-09-24 15:38:18.763 [ForkJoinPool-2-worker-7] INFO  i.p.i.h.r.HttpLoggingFilter [payload] REPLACED_WITH_WRONG_TYPE_STRING @ /personalData : Response Header: Content-Length = 262
2026-09-24 15:38:18.763 [ForkJoinPool-2-worker-7] INFO  i.p.i.h.r.HttpLoggingFilter [payload] REPLACED_WITH_WRONG_TYPE_STRING @ /personalData : Response Header: Connection = keep-alive
2026-09-24 15:38:18.763 [ForkJoinPool-2-worker-7] INFO  i.p.i.h.r.HttpLoggingFilter [payload] REPLACED_WITH_WRONG_TYPE_STRING @ /personalData : Response Header: x-amzn-RequestId = 24a86559-e7c5-4fa5-955e-6b364eaf1bf8
2026-09-24 15:38:18.763 [ForkJoinPool-2-worker-7] INFO  i.p.i.h.r.HttpLoggingFilter [payload] REPLACED_WITH_WRONG_TYPE_STRING @ /personalData : Response Header: x-amzn-Remapped-Content-Length = 262
2026-09-24 15:38:18.763 [ForkJoinPool-2-worker-7] INFO  i.p.i.h.r.HttpLoggingFilter [payload] REPLACED_WITH_WRONG_TYPE_STRING @ /personalData : Response Header: X-Rate-Limit-Remaining = 9999979
2026-09-24 15:38:18.763 [ForkJoinPool-2-worker-7] INFO  i.p.i.h.r.HttpLoggingFilter [payload] REPLACED_WITH_WRONG_TYPE_STRING @ /personalData : Response Header: x-amzn-Remapped-Connection = keep-alive
2026-09-24 15:38:18.763 [ForkJoinPool-2-worker-7] INFO  i.p.i.h.r.HttpLoggingFilter [payload] REPLACED_WITH_WRONG_TYPE_STRING @ /personalData : Response Header: X-Rate-Limit-Interval = 1000
2026-09-24 15:38:18.763 [ForkJoinPool-2-worker-7] INFO  i.p.i.h.r.HttpLoggingFilter [payload] REPLACED_WITH_WRONG_TYPE_STRING @ /personalData : Response Header: X-Rate-Limit-Limit = 9999999
2026-09-24 15:38:18.763 [ForkJoinPool-2-worker-7] INFO  i.p.i.h.r.HttpLoggingFilter [payload] REPLACED_WITH_WRONG_TYPE_STRING @ /personalData : Response Header: x-amz-apigw-id = ENMnvEXdsu8EOrQ=
2026-09-24 15:38:18.763 [ForkJoinPool-2-worker-7] INFO  i.p.i.h.r.HttpLoggingFilter [payload] REPLACED_WITH_WRONG_TYPE_STRING @ /personalData : Response Header: X-Correlation-Id = 86633a5e-3fb8-415d-bef1-fd22bf3fdfb8
2026-09-24 15:38:18.763 [ForkJoinPool-2-worker-7] INFO  i.p.i.h.r.HttpLoggingFilter [payload] REPLACED_WITH_WRONG_TYPE_STRING @ /personalData : Response Header: x-amzn-Remapped-Date = Thu, 24 Sep 2026 13:38:18 GMT
2026-09-24 15:38:18.763 [ForkJoinPool-2-worker-7] INFO  i.p.i.h.r.HttpLoggingFilter [payload] REPLACED_WITH_WRONG_TYPE_STRING @ /personalData : Response Body: {"type":"about:blank","title":"Bad request","status":400,"detail":"Incorrect value for body","correlationId":"86633a5e-3fb8-415d-bef1-fd22bf3fdfb8","errors":[{"code":"008-9999","detail":"Validation error: Expected boolean, received string at \"personalData\""}]}
]]></system-out>
  </testcase>
</testsuite>